CRITICAL - 2022-05-06 16:36:50 --> type is not a valid rule.
#0 C:\xampp\htdocs\perpustakaan\system\Validation\Validation.php(300): CodeIgniter\Validation\Exceptions\ValidationException::forRuleNotFound('type')
#1 C:\xampp\htdocs\perpustakaan\system\Validation\Validation.php(157): CodeIgniter\Validation\Validation->processRules('nomor_keanggota...', 'nomor_keanggota...', '1234567892', Array, Array)
#2 C:\xampp\htdocs\perpustakaan\system\Controller.php(160): CodeIgniter\Validation\Validation->run()
#3 C:\xampp\htdocs\perpustakaan\app\Controllers\Admin.php(24): CodeIgniter\Controller->validate(Array)
#4 C:\xampp\htdocs\perpustakaan\system\CodeIgniter.php(832): App\Controllers\Admin->prosesDaftar()
#5 C:\xampp\htdocs\perpustakaan\system\CodeIgniter.php(419): CodeIgniter\CodeIgniter->runController(Object(App\Controllers\Admin))
#6 C:\xampp\htdocs\perpustakaan\system\CodeIgniter.php(326): CodeIgniter\CodeIgniter->handleRequest(NULL, Object(Config\Cache), false)
#7 C:\xampp\htdocs\perpustakaan\public\index.php(37): CodeIgniter\CodeIgniter->run()
#8 {main}
CRITICAL - 2022-05-06 16:37:15 --> Invalid file: admin/admin.php
#0 C:\xampp\htdocs\perpustakaan\system\View\View.php(198): CodeIgniter\Exceptions\FrameworkException::forInvalidFile('admin/admin.php')
#1 C:\xampp\htdocs\perpustakaan\system\Common.php(1089): CodeIgniter\View\View->render('admin/admin', Array, true)
#2 C:\xampp\htdocs\perpustakaan\app\Controllers\Admin.php(74): view('admin/admin')
#3 C:\xampp\htdocs\perpustakaan\system\CodeIgniter.php(832): App\Controllers\Admin->prosesDaftar()
#4 C:\xampp\htdocs\perpustakaan\system\CodeIgniter.php(419): CodeIgniter\CodeIgniter->runController(Object(App\Controllers\Admin))
#5 C:\xampp\htdocs\perpustakaan\system\CodeIgniter.php(326): CodeIgniter\CodeIgniter->handleRequest(NULL, Object(Config\Cache), false)
#6 C:\xampp\htdocs\perpustakaan\public\index.php(37): CodeIgniter\CodeIgniter->run()
#7 {main}
CRITICAL - 2022-05-06 16:38:54 --> Invalid file: admin/admin.php
#0 C:\xampp\htdocs\perpustakaan\system\View\View.php(198): CodeIgniter\Exceptions\FrameworkException::forInvalidFile('admin/admin.php')
#1 C:\xampp\htdocs\perpustakaan\system\Common.php(1089): CodeIgniter\View\View->render('admin/admin', Array, true)
#2 C:\xampp\htdocs\perpustakaan\app\Controllers\Admin.php(74): view('admin/admin')
#3 C:\xampp\htdocs\perpustakaan\system\CodeIgniter.php(832): App\Controllers\Admin->prosesDaftar()
#4 C:\xampp\htdocs\perpustakaan\system\CodeIgniter.php(419): CodeIgniter\CodeIgniter->runController(Object(App\Controllers\Admin))
#5 C:\xampp\htdocs\perpustakaan\system\CodeIgniter.php(326): CodeIgniter\CodeIgniter->handleRequest(NULL, Object(Config\Cache), false)
#6 C:\xampp\htdocs\perpustakaan\public\index.php(37): CodeIgniter\CodeIgniter->run()
#7 {main}
ERROR - 2022-05-06 16:44:29 --> Duplicate entry 'ekasuci' for key 'PRIMARY'
CRITICAL - 2022-05-06 16:44:29 --> Duplicate entry 'ekasuci' for key 'PRIMARY'
#0 C:\xampp\htdocs\perpustakaan\system\Database\MySQLi\Connection.php(292): mysqli->query('INSERT INTO `ad...', 0)
#1 C:\xampp\htdocs\perpustakaan\system\Database\BaseConnection.php(670): CodeIgniter\Database\MySQLi\Connection->execute('INSERT INTO `ad...')
#2 C:\xampp\htdocs\perpustakaan\system\Database\BaseConnection.php(598): CodeIgniter\Database\BaseConnection->simpleQuery('INSERT INTO `ad...')
#3 C:\xampp\htdocs\perpustakaan\system\Database\BaseBuilder.php(1771): CodeIgniter\Database\BaseConnection->query('INSERT INTO `ad...', Array, false)
#4 C:\xampp\htdocs\perpustakaan\system\Model.php(239): CodeIgniter\Database\BaseBuilder->insert()
#5 C:\xampp\htdocs\perpustakaan\system\BaseModel.php(738): CodeIgniter\Model->doInsert(Array)
#6 C:\xampp\htdocs\perpustakaan\system\Model.php(625): CodeIgniter\BaseModel->insert(Array, true)
#7 C:\xampp\htdocs\perpustakaan\app\Controllers\Admin.php(72): CodeIgniter\Model->insert(Array)
#8 C:\xampp\htdocs\perpustakaan\system\CodeIgniter.php(832): App\Controllers\Admin->prosesDaftar()
#9 C:\xampp\htdocs\perpustakaan\system\CodeIgniter.php(419): CodeIgniter\CodeIgniter->runController(Object(App\Controllers\Admin))
#10 C:\xampp\htdocs\perpustakaan\system\CodeIgniter.php(326): CodeIgniter\CodeIgniter->handleRequest(NULL, Object(Config\Cache), false)
#11 C:\xampp\htdocs\perpustakaan\public\index.php(37): CodeIgniter\CodeIgniter->run()
#12 {main}
CRITICAL - 2022-05-06 16:51:20 --> Call to undefined function App\Controllers\home()
#0 C:\xampp\htdocs\perpustakaan\system\CodeIgniter.php(832): App\Controllers\Admin->prosesLogin()
#1 C:\xampp\htdocs\perpustakaan\system\CodeIgniter.php(419): CodeIgniter\CodeIgniter->runController(Object(App\Controllers\Admin))
#2 C:\xampp\htdocs\perpustakaan\system\CodeIgniter.php(326): CodeIgniter\CodeIgniter->handleRequest(NULL, Object(Config\Cache), false)
#3 C:\xampp\htdocs\perpustakaan\public\index.php(37): CodeIgniter\CodeIgniter->run()
#4 {main}
CRITICAL - 2022-05-06 18:56:42 --> Undefined variable $daftarhadir
#0 C:\xampp\htdocs\perpustakaan\app\Views\admin\admin_layout.php(21): CodeIgniter\Debug\Exceptions->errorHandler(2, 'Undefined varia...', 'C:\\xampp\\htdocs...', 21)
#1 C:\xampp\htdocs\perpustakaan\system\View\View.php(210): include('C:\\xampp\\htdocs...')
#2 C:\xampp\htdocs\perpustakaan\system\View\View.php(213): CodeIgniter\View\View->CodeIgniter\View\{closure}()
#3 C:\xampp\htdocs\perpustakaan\system\Common.php(1089): CodeIgniter\View\View->render('admin/admin_lay...', Array, true)
#4 C:\xampp\htdocs\perpustakaan\app\Controllers\Admin.php(21): view('admin/admin_lay...')
#5 C:\xampp\htdocs\perpustakaan\system\CodeIgniter.php(832): App\Controllers\Admin->home()
#6 C:\xampp\htdocs\perpustakaan\system\CodeIgniter.php(419): CodeIgniter\CodeIgniter->runController(Object(App\Controllers\Admin))
#7 C:\xampp\htdocs\perpustakaan\system\CodeIgniter.php(326): CodeIgniter\CodeIgniter->handleRequest(NULL, Object(Config\Cache), false)
#8 C:\xampp\htdocs\perpustakaan\public\index.php(37): CodeIgniter\CodeIgniter->run()
#9 {main}
CRITICAL - 2022-05-06 18:57:23 --> Undefined variable $users
#0 C:\xampp\htdocs\perpustakaan\app\Views\admin\admin_layout.php(21): CodeIgniter\Debug\Exceptions->errorHandler(2, 'Undefined varia...', 'C:\\xampp\\htdocs...', 21)
#1 C:\xampp\htdocs\perpustakaan\system\View\View.php(210): include('C:\\xampp\\htdocs...')
#2 C:\xampp\htdocs\perpustakaan\system\View\View.php(213): CodeIgniter\View\View->CodeIgniter\View\{closure}()
#3 C:\xampp\htdocs\perpustakaan\system\Common.php(1089): CodeIgniter\View\View->render('admin/admin_lay...', Array, true)
#4 C:\xampp\htdocs\perpustakaan\app\Controllers\Admin.php(21): view('admin/admin_lay...')
#5 C:\xampp\htdocs\perpustakaan\system\CodeIgniter.php(832): App\Controllers\Admin->home()
#6 C:\xampp\htdocs\perpustakaan\system\CodeIgniter.php(419): CodeIgniter\CodeIgniter->runController(Object(App\Controllers\Admin))
#7 C:\xampp\htdocs\perpustakaan\system\CodeIgniter.php(326): CodeIgniter\CodeIgniter->handleRequest(NULL, Object(Config\Cache), false)
#8 C:\xampp\htdocs\perpustakaan\public\index.php(37): CodeIgniter\CodeIgniter->run()
#9 {main}
CRITICAL - 2022-05-06 19:00:28 --> Undefined variable $users
#0 C:\xampp\htdocs\perpustakaan\app\Views\admin\admin_layout.php(21): CodeIgniter\Debug\Exceptions->errorHandler(2, 'Undefined varia...', 'C:\\xampp\\htdocs...', 21)
#1 C:\xampp\htdocs\perpustakaan\system\View\View.php(210): include('C:\\xampp\\htdocs...')
#2 C:\xampp\htdocs\perpustakaan\system\View\View.php(213): CodeIgniter\View\View->CodeIgniter\View\{closure}()
#3 C:\xampp\htdocs\perpustakaan\system\Common.php(1089): CodeIgniter\View\View->render('admin/admin_lay...', Array, true)
#4 C:\xampp\htdocs\perpustakaan\app\Controllers\Admin.php(21): view('admin/admin_lay...')
#5 C:\xampp\htdocs\perpustakaan\system\CodeIgniter.php(832): App\Controllers\Admin->home()
#6 C:\xampp\htdocs\perpustakaan\system\CodeIgniter.php(419): CodeIgniter\CodeIgniter->runController(Object(App\Controllers\Admin))
#7 C:\xampp\htdocs\perpustakaan\system\CodeIgniter.php(326): CodeIgniter\CodeIgniter->handleRequest(NULL, Object(Config\Cache), false)
#8 C:\xampp\htdocs\perpustakaan\public\index.php(37): CodeIgniter\CodeIgniter->run()
#9 {main}
CRITICAL - 2022-05-06 19:05:29 --> Undefined variable $daftarhadir
#0 C:\xampp\htdocs\perpustakaan\app\Views\admin\admin_layout.php(21): CodeIgniter\Debug\Exceptions->errorHandler(2, 'Undefined varia...', 'C:\\xampp\\htdocs...', 21)
#1 C:\xampp\htdocs\perpustakaan\system\View\View.php(210): include('C:\\xampp\\htdocs...')
#2 C:\xampp\htdocs\perpustakaan\system\View\View.php(213): CodeIgniter\View\View->CodeIgniter\View\{closure}()
#3 C:\xampp\htdocs\perpustakaan\system\Common.php(1089): CodeIgniter\View\View->render('admin/admin_lay...', Array, true)
#4 C:\xampp\htdocs\perpustakaan\app\Controllers\Admin.php(21): view('admin/admin_lay...')
#5 C:\xampp\htdocs\perpustakaan\system\CodeIgniter.php(832): App\Controllers\Admin->home()
#6 C:\xampp\htdocs\perpustakaan\system\CodeIgniter.php(419): CodeIgniter\CodeIgniter->runController(Object(App\Controllers\Admin))
#7 C:\xampp\htdocs\perpustakaan\system\CodeIgniter.php(326): CodeIgniter\CodeIgniter->handleRequest(NULL, Object(Config\Cache), false)
#8 C:\xampp\htdocs\perpustakaan\public\index.php(37): CodeIgniter\CodeIgniter->run()
#9 {main}
CRITICAL - 2022-05-06 19:09:31 --> Undefined variable $daftarhadir
#0 C:\xampp\htdocs\perpustakaan\app\Views\admin\admin_layout.php(21): CodeIgniter\Debug\Exceptions->errorHandler(2, 'Undefined varia...', 'C:\\xampp\\htdocs...', 21)
#1 C:\xampp\htdocs\perpustakaan\system\View\View.php(210): include('C:\\xampp\\htdocs...')
#2 C:\xampp\htdocs\perpustakaan\system\View\View.php(213): CodeIgniter\View\View->CodeIgniter\View\{closure}()
#3 C:\xampp\htdocs\perpustakaan\system\Common.php(1089): CodeIgniter\View\View->render('admin/admin_lay...', Array, true)
#4 C:\xampp\htdocs\perpustakaan\app\Controllers\Admin.php(21): view('admin/admin_lay...')
#5 C:\xampp\htdocs\perpustakaan\system\CodeIgniter.php(832): App\Controllers\Admin->home()
#6 C:\xampp\htdocs\perpustakaan\system\CodeIgniter.php(419): CodeIgniter\CodeIgniter->runController(Object(App\Controllers\Admin))
#7 C:\xampp\htdocs\perpustakaan\system\CodeIgniter.php(326): CodeIgniter\CodeIgniter->handleRequest(NULL, Object(Config\Cache), false)
#8 C:\xampp\htdocs\perpustakaan\public\index.php(37): CodeIgniter\CodeIgniter->run()
#9 {main}
CRITICAL - 2022-05-06 19:09:49 --> Undefined variable $daftarhadir
#0 C:\xampp\htdocs\perpustakaan\app\Views\admin\admin_layout.php(21): CodeIgniter\Debug\Exceptions->errorHandler(2, 'Undefined varia...', 'C:\\xampp\\htdocs...', 21)
#1 C:\xampp\htdocs\perpustakaan\system\View\View.php(210): include('C:\\xampp\\htdocs...')
#2 C:\xampp\htdocs\perpustakaan\system\View\View.php(213): CodeIgniter\View\View->CodeIgniter\View\{closure}()
#3 C:\xampp\htdocs\perpustakaan\system\Common.php(1089): CodeIgniter\View\View->render('admin/admin_lay...', Array, true)
#4 C:\xampp\htdocs\perpustakaan\app\Controllers\Admin.php(21): view('admin/admin_lay...')
#5 C:\xampp\htdocs\perpustakaan\system\CodeIgniter.php(832): App\Controllers\Admin->home()
#6 C:\xampp\htdocs\perpustakaan\system\CodeIgniter.php(419): CodeIgniter\CodeIgniter->runController(Object(App\Controllers\Admin))
#7 C:\xampp\htdocs\perpustakaan\system\CodeIgniter.php(326): CodeIgniter\CodeIgniter->handleRequest(NULL, Object(Config\Cache), false)
#8 C:\xampp\htdocs\perpustakaan\public\index.php(37): CodeIgniter\CodeIgniter->run()
#9 {main}
CRITICAL - 2022-05-06 19:12:15 --> Undefined variable $users
#0 C:\xampp\htdocs\perpustakaan\app\Views\admin\admin_layout.php(21): CodeIgniter\Debug\Exceptions->errorHandler(2, 'Undefined varia...', 'C:\\xampp\\htdocs...', 21)
#1 C:\xampp\htdocs\perpustakaan\system\View\View.php(210): include('C:\\xampp\\htdocs...')
#2 C:\xampp\htdocs\perpustakaan\system\View\View.php(213): CodeIgniter\View\View->CodeIgniter\View\{closure}()
#3 C:\xampp\htdocs\perpustakaan\system\Common.php(1089): CodeIgniter\View\View->render('admin/admin_lay...', Array, true)
#4 C:\xampp\htdocs\perpustakaan\app\Controllers\Admin.php(21): view('admin/admin_lay...')
#5 C:\xampp\htdocs\perpustakaan\system\CodeIgniter.php(832): App\Controllers\Admin->home()
#6 C:\xampp\htdocs\perpustakaan\system\CodeIgniter.php(419): CodeIgniter\CodeIgniter->runController(Object(App\Controllers\Admin))
#7 C:\xampp\htdocs\perpustakaan\system\CodeIgniter.php(326): CodeIgniter\CodeIgniter->handleRequest(NULL, Object(Config\Cache), false)
#8 C:\xampp\htdocs\perpustakaan\public\index.php(37): CodeIgniter\CodeIgniter->run()
#9 {main}
CRITICAL - 2022-05-06 19:13:23 --> Undefined variable $users
#0 C:\xampp\htdocs\perpustakaan\app\Views\admin\admin_layout.php(21): CodeIgniter\Debug\Exceptions->errorHandler(2, 'Undefined varia...', 'C:\\xampp\\htdocs...', 21)
#1 C:\xampp\htdocs\perpustakaan\system\View\View.php(210): include('C:\\xampp\\htdocs...')
#2 C:\xampp\htdocs\perpustakaan\system\View\View.php(213): CodeIgniter\View\View->CodeIgniter\View\{closure}()
#3 C:\xampp\htdocs\perpustakaan\system\Common.php(1089): CodeIgniter\View\View->render('admin/admin_lay...', Array, true)
#4 C:\xampp\htdocs\perpustakaan\app\Controllers\Admin.php(21): view('admin/admin_lay...')
#5 C:\xampp\htdocs\perpustakaan\system\CodeIgniter.php(832): App\Controllers\Admin->home()
#6 C:\xampp\htdocs\perpustakaan\system\CodeIgniter.php(419): CodeIgniter\CodeIgniter->runController(Object(App\Controllers\Admin))
#7 C:\xampp\htdocs\perpustakaan\system\CodeIgniter.php(326): CodeIgniter\CodeIgniter->handleRequest(NULL, Object(Config\Cache), false)
#8 C:\xampp\htdocs\perpustakaan\public\index.php(37): CodeIgniter\CodeIgniter->run()
#9 {main}
CRITICAL - 2022-05-06 19:14:03 --> Undefined variable $daftarhadir
#0 C:\xampp\htdocs\perpustakaan\app\Views\admin\admin_layout.php(21): CodeIgniter\Debug\Exceptions->errorHandler(2, 'Undefined varia...', 'C:\\xampp\\htdocs...', 21)
#1 C:\xampp\htdocs\perpustakaan\system\View\View.php(210): include('C:\\xampp\\htdocs...')
#2 C:\xampp\htdocs\perpustakaan\system\View\View.php(213): CodeIgniter\View\View->CodeIgniter\View\{closure}()
#3 C:\xampp\htdocs\perpustakaan\system\Common.php(1089): CodeIgniter\View\View->render('admin/admin_lay...', Array, true)
#4 C:\xampp\htdocs\perpustakaan\app\Controllers\Admin.php(21): view('admin/admin_lay...')
#5 C:\xampp\htdocs\perpustakaan\system\CodeIgniter.php(832): App\Controllers\Admin->home()
#6 C:\xampp\htdocs\perpustakaan\system\CodeIgniter.php(419): CodeIgniter\CodeIgniter->runController(Object(App\Controllers\Admin))
#7 C:\xampp\htdocs\perpustakaan\system\CodeIgniter.php(326): CodeIgniter\CodeIgniter->handleRequest(NULL, Object(Config\Cache), false)
#8 C:\xampp\htdocs\perpustakaan\public\index.php(37): CodeIgniter\CodeIgniter->run()
#9 {main}
CRITICAL - 2022-05-06 19:15:29 --> Undefined variable $daftarhadir
#0 C:\xampp\htdocs\perpustakaan\app\Views\admin\admin_layout.php(21): CodeIgniter\Debug\Exceptions->errorHandler(2, 'Undefined varia...', 'C:\\xampp\\htdocs...', 21)
#1 C:\xampp\htdocs\perpustakaan\system\View\View.php(210): include('C:\\xampp\\htdocs...')
#2 C:\xampp\htdocs\perpustakaan\system\View\View.php(213): CodeIgniter\View\View->CodeIgniter\View\{closure}()
#3 C:\xampp\htdocs\perpustakaan\system\Common.php(1089): CodeIgniter\View\View->render('admin/admin_lay...', Array, true)
#4 C:\xampp\htdocs\perpustakaan\app\Controllers\Admin.php(21): view('admin/admin_lay...')
#5 C:\xampp\htdocs\perpustakaan\system\CodeIgniter.php(832): App\Controllers\Admin->home()
#6 C:\xampp\htdocs\perpustakaan\system\CodeIgniter.php(419): CodeIgniter\CodeIgniter->runController(Object(App\Controllers\Admin))
#7 C:\xampp\htdocs\perpustakaan\system\CodeIgniter.php(326): CodeIgniter\CodeIgniter->handleRequest(NULL, Object(Config\Cache), false)
#8 C:\xampp\htdocs\perpustakaan\public\index.php(37): CodeIgniter\CodeIgniter->run()
#9 {main}
CRITICAL - 2022-05-06 19:17:15 --> Undefined variable $daftarhadir
#0 C:\xampp\htdocs\perpustakaan\app\Views\admin\admin_layout.php(21): CodeIgniter\Debug\Exceptions->errorHandler(2, 'Undefined varia...', 'C:\\xampp\\htdocs...', 21)
#1 C:\xampp\htdocs\perpustakaan\system\View\View.php(210): include('C:\\xampp\\htdocs...')
#2 C:\xampp\htdocs\perpustakaan\system\View\View.php(213): CodeIgniter\View\View->CodeIgniter\View\{closure}()
#3 C:\xampp\htdocs\perpustakaan\system\Common.php(1089): CodeIgniter\View\View->render('admin/admin_lay...', Array, true)
#4 C:\xampp\htdocs\perpustakaan\app\Controllers\Admin.php(21): view('admin/admin_lay...')
#5 C:\xampp\htdocs\perpustakaan\system\CodeIgniter.php(832): App\Controllers\Admin->home()
#6 C:\xampp\htdocs\perpustakaan\system\CodeIgniter.php(419): CodeIgniter\CodeIgniter->runController(Object(App\Controllers\Admin))
#7 C:\xampp\htdocs\perpustakaan\system\CodeIgniter.php(326): CodeIgniter\CodeIgniter->handleRequest(NULL, Object(Config\Cache), false)
#8 C:\xampp\htdocs\perpustakaan\public\index.php(37): CodeIgniter\CodeIgniter->run()
#9 {main}
CRITICAL - 2022-05-06 19:17:42 --> Undefined variable $daftarhadir
#0 C:\xampp\htdocs\perpustakaan\app\Views\admin\admin_layout.php(21): CodeIgniter\Debug\Exceptions->errorHandler(2, 'Undefined varia...', 'C:\\xampp\\htdocs...', 21)
#1 C:\xampp\htdocs\perpustakaan\system\View\View.php(210): include('C:\\xampp\\htdocs...')
#2 C:\xampp\htdocs\perpustakaan\system\View\View.php(213): CodeIgniter\View\View->CodeIgniter\View\{closure}()
#3 C:\xampp\htdocs\perpustakaan\system\Common.php(1089): CodeIgniter\View\View->render('admin/admin_lay...', Array, true)
#4 C:\xampp\htdocs\perpustakaan\app\Controllers\Admin.php(21): view('admin/admin_lay...')
#5 C:\xampp\htdocs\perpustakaan\system\CodeIgniter.php(832): App\Controllers\Admin->home()
#6 C:\xampp\htdocs\perpustakaan\system\CodeIgniter.php(419): CodeIgniter\CodeIgniter->runController(Object(App\Controllers\Admin))
#7 C:\xampp\htdocs\perpustakaan\system\CodeIgniter.php(326): CodeIgniter\CodeIgniter->handleRequest(NULL, Object(Config\Cache), false)
#8 C:\xampp\htdocs\perpustakaan\public\index.php(37): CodeIgniter\CodeIgniter->run()
#9 {main}
CRITICAL - 2022-05-06 19:18:25 --> Undefined variable $daftarhadir
#0 C:\xampp\htdocs\perpustakaan\app\Views\admin\admin_layout.php(21): CodeIgniter\Debug\Exceptions->errorHandler(2, 'Undefined varia...', 'C:\\xampp\\htdocs...', 21)
#1 C:\xampp\htdocs\perpustakaan\system\View\View.php(210): include('C:\\xampp\\htdocs...')
#2 C:\xampp\htdocs\perpustakaan\system\View\View.php(213): CodeIgniter\View\View->CodeIgniter\View\{closure}()
#3 C:\xampp\htdocs\perpustakaan\system\Common.php(1089): CodeIgniter\View\View->render('admin/admin_lay...', Array, true)
#4 C:\xampp\htdocs\perpustakaan\app\Controllers\Admin.php(21): view('admin/admin_lay...')
#5 C:\xampp\htdocs\perpustakaan\system\CodeIgniter.php(832): App\Controllers\Admin->home()
#6 C:\xampp\htdocs\perpustakaan\system\CodeIgniter.php(419): CodeIgniter\CodeIgniter->runController(Object(App\Controllers\Admin))
#7 C:\xampp\htdocs\perpustakaan\system\CodeIgniter.php(326): CodeIgniter\CodeIgniter->handleRequest(NULL, Object(Config\Cache), false)
#8 C:\xampp\htdocs\perpustakaan\public\index.php(37): CodeIgniter\CodeIgniter->run()
#9 {main}
CRITICAL - 2022-05-06 19:27:28 --> Undefined variable $daftarhadir
#0 C:\xampp\htdocs\perpustakaan\app\Views\admin\admin_layout.php(21): CodeIgniter\Debug\Exceptions->errorHandler(2, 'Undefined varia...', 'C:\\xampp\\htdocs...', 21)
#1 C:\xampp\htdocs\perpustakaan\system\View\View.php(210): include('C:\\xampp\\htdocs...')
#2 C:\xampp\htdocs\perpustakaan\system\View\View.php(213): CodeIgniter\View\View->CodeIgniter\View\{closure}()
#3 C:\xampp\htdocs\perpustakaan\system\Common.php(1089): CodeIgniter\View\View->render('admin/admin_lay...', Array, true)
#4 C:\xampp\htdocs\perpustakaan\app\Controllers\Admin.php(21): view('admin/admin_lay...')
#5 C:\xampp\htdocs\perpustakaan\system\CodeIgniter.php(832): App\Controllers\Admin->home()
#6 C:\xampp\htdocs\perpustakaan\system\CodeIgniter.php(419): CodeIgniter\CodeIgniter->runController(Object(App\Controllers\Admin))
#7 C:\xampp\htdocs\perpustakaan\system\CodeIgniter.php(326): CodeIgniter\CodeIgniter->handleRequest(NULL, Object(Config\Cache), false)
#8 C:\xampp\htdocs\perpustakaan\public\index.php(37): CodeIgniter\CodeIgniter->run()
#9 {main}
CRITICAL - 2022-05-06 19:29:36 --> Undefined variable $daftarhadir
#0 C:\xampp\htdocs\perpustakaan\app\Views\admin\admin_layout.php(21): CodeIgniter\Debug\Exceptions->errorHandler(2, 'Undefined varia...', 'C:\\xampp\\htdocs...', 21)
#1 C:\xampp\htdocs\perpustakaan\system\View\View.php(210): include('C:\\xampp\\htdocs...')
#2 C:\xampp\htdocs\perpustakaan\system\View\View.php(213): CodeIgniter\View\View->CodeIgniter\View\{closure}()
#3 C:\xampp\htdocs\perpustakaan\system\Common.php(1089): CodeIgniter\View\View->render('admin/admin_lay...', Array, true)
#4 C:\xampp\htdocs\perpustakaan\app\Controllers\Admin.php(21): view('admin/admin_lay...')
#5 C:\xampp\htdocs\perpustakaan\system\CodeIgniter.php(832): App\Controllers\Admin->home()
#6 C:\xampp\htdocs\perpustakaan\system\CodeIgniter.php(419): CodeIgniter\CodeIgniter->runController(Object(App\Controllers\Admin))
#7 C:\xampp\htdocs\perpustakaan\system\CodeIgniter.php(326): CodeIgniter\CodeIgniter->handleRequest(NULL, Object(Config\Cache), false)
#8 C:\xampp\htdocs\perpustakaan\public\index.php(37): CodeIgniter\CodeIgniter->run()
#9 {main}
CRITICAL - 2022-05-06 19:40:28 --> Undefined variable $daftarhadir
#0 C:\xampp\htdocs\perpustakaan\app\Views\admin\admin_layout.php(22): CodeIgniter\Debug\Exceptions->errorHandler(2, 'Undefined varia...', 'C:\\xampp\\htdocs...', 22)
#1 C:\xampp\htdocs\perpustakaan\system\View\View.php(210): include('C:\\xampp\\htdocs...')
#2 C:\xampp\htdocs\perpustakaan\system\View\View.php(213): CodeIgniter\View\View->CodeIgniter\View\{closure}()
#3 C:\xampp\htdocs\perpustakaan\system\Common.php(1089): CodeIgniter\View\View->render('admin/admin_lay...', Array, true)
#4 C:\xampp\htdocs\perpustakaan\app\Controllers\Admin.php(21): view('admin/admin_lay...')
#5 C:\xampp\htdocs\perpustakaan\system\CodeIgniter.php(832): App\Controllers\Admin->home()
#6 C:\xampp\htdocs\perpustakaan\system\CodeIgniter.php(419): CodeIgniter\CodeIgniter->runController(Object(App\Controllers\Admin))
#7 C:\xampp\htdocs\perpustakaan\system\CodeIgniter.php(326): CodeIgniter\CodeIgniter->handleRequest(NULL, Object(Config\Cache), false)
#8 C:\xampp\htdocs\perpustakaan\public\index.php(37): CodeIgniter\CodeIgniter->run()
#9 {main}
CRITICAL - 2022-05-06 19:41:57 --> Undefined variable $daftarhadir
#0 C:\xampp\htdocs\perpustakaan\app\Views\admin\admin_layout.php(22): CodeIgniter\Debug\Exceptions->errorHandler(2, 'Undefined varia...', 'C:\\xampp\\htdocs...', 22)
#1 C:\xampp\htdocs\perpustakaan\system\View\View.php(210): include('C:\\xampp\\htdocs...')
#2 C:\xampp\htdocs\perpustakaan\system\View\View.php(213): CodeIgniter\View\View->CodeIgniter\View\{closure}()
#3 C:\xampp\htdocs\perpustakaan\system\Common.php(1089): CodeIgniter\View\View->render('admin/admin_lay...', Array, true)
#4 C:\xampp\htdocs\perpustakaan\app\Controllers\Admin.php(21): view('admin/admin_lay...')
#5 C:\xampp\htdocs\perpustakaan\system\CodeIgniter.php(832): App\Controllers\Admin->home()
#6 C:\xampp\htdocs\perpustakaan\system\CodeIgniter.php(419): CodeIgniter\CodeIgniter->runController(Object(App\Controllers\Admin))
#7 C:\xampp\htdocs\perpustakaan\system\CodeIgniter.php(326): CodeIgniter\CodeIgniter->handleRequest(NULL, Object(Config\Cache), false)
#8 C:\xampp\htdocs\perpustakaan\public\index.php(37): CodeIgniter\CodeIgniter->run()
#9 {main}
CRITICAL - 2022-05-06 19:44:30 --> Undefined variable $daftarhadir
#0 C:\xampp\htdocs\perpustakaan\app\Views\admin\admin_layout.php(22): CodeIgniter\Debug\Exceptions->errorHandler(2, 'Undefined varia...', 'C:\\xampp\\htdocs...', 22)
#1 C:\xampp\htdocs\perpustakaan\system\View\View.php(210): include('C:\\xampp\\htdocs...')
#2 C:\xampp\htdocs\perpustakaan\system\View\View.php(213): CodeIgniter\View\View->CodeIgniter\View\{closure}()
#3 C:\xampp\htdocs\perpustakaan\system\Common.php(1089): CodeIgniter\View\View->render('admin/admin_lay...', Array, true)
#4 C:\xampp\htdocs\perpustakaan\app\Controllers\Admin.php(21): view('admin/admin_lay...')
#5 C:\xampp\htdocs\perpustakaan\system\CodeIgniter.php(832): App\Controllers\Admin->home()
#6 C:\xampp\htdocs\perpustakaan\system\CodeIgniter.php(419): CodeIgniter\CodeIgniter->runController(Object(App\Controllers\Admin))
#7 C:\xampp\htdocs\perpustakaan\system\CodeIgniter.php(326): CodeIgniter\CodeIgniter->handleRequest(NULL, Object(Config\Cache), false)
#8 C:\xampp\htdocs\perpustakaan\public\index.php(37): CodeIgniter\CodeIgniter->run()
#9 {main}
CRITICAL - 2022-05-06 19:48:07 --> Undefined variable $daftarhadir
#0 C:\xampp\htdocs\perpustakaan\app\Views\admin\admin_layout.php(22): CodeIgniter\Debug\Exceptions->errorHandler(2, 'Undefined varia...', 'C:\\xampp\\htdocs...', 22)
#1 C:\xampp\htdocs\perpustakaan\system\View\View.php(210): include('C:\\xampp\\htdocs...')
#2 C:\xampp\htdocs\perpustakaan\system\View\View.php(213): CodeIgniter\View\View->CodeIgniter\View\{closure}()
#3 C:\xampp\htdocs\perpustakaan\system\Common.php(1089): CodeIgniter\View\View->render('admin/admin_lay...', Array, true)
#4 C:\xampp\htdocs\perpustakaan\app\Controllers\Admin.php(21): view('admin/admin_lay...')
#5 C:\xampp\htdocs\perpustakaan\system\CodeIgniter.php(832): App\Controllers\Admin->home()
#6 C:\xampp\htdocs\perpustakaan\system\CodeIgniter.php(419): CodeIgniter\CodeIgniter->runController(Object(App\Controllers\Admin))
#7 C:\xampp\htdocs\perpustakaan\system\CodeIgniter.php(326): CodeIgniter\CodeIgniter->handleRequest(NULL, Object(Config\Cache), false)
#8 C:\xampp\htdocs\perpustakaan\public\index.php(37): CodeIgniter\CodeIgniter->run()
#9 {main}
CRITICAL - 2022-05-06 19:50:38 --> Undefined variable $daftarhadir
#0 C:\xampp\htdocs\perpustakaan\app\Views\admin\admin_layout.php(22): CodeIgniter\Debug\Exceptions->errorHandler(2, 'Undefined varia...', 'C:\\xampp\\htdocs...', 22)
#1 C:\xampp\htdocs\perpustakaan\system\View\View.php(210): include('C:\\xampp\\htdocs...')
#2 C:\xampp\htdocs\perpustakaan\system\View\View.php(213): CodeIgniter\View\View->CodeIgniter\View\{closure}()
#3 C:\xampp\htdocs\perpustakaan\system\Common.php(1089): CodeIgniter\View\View->render('admin/admin_lay...', Array, true)
#4 C:\xampp\htdocs\perpustakaan\app\Controllers\Admin.php(21): view('admin/admin_lay...')
#5 C:\xampp\htdocs\perpustakaan\system\CodeIgniter.php(832): App\Controllers\Admin->home()
#6 C:\xampp\htdocs\perpustakaan\system\CodeIgniter.php(419): CodeIgniter\CodeIgniter->runController(Object(App\Controllers\Admin))
#7 C:\xampp\htdocs\perpustakaan\system\CodeIgniter.php(326): CodeIgniter\CodeIgniter->handleRequest(NULL, Object(Config\Cache), false)
#8 C:\xampp\htdocs\perpustakaan\public\index.php(37): CodeIgniter\CodeIgniter->run()
#9 {main}
CRITICAL - 2022-05-06 19:51:26 --> Undefined variable $hadir
#0 C:\xampp\htdocs\perpustakaan\app\Views\admin\admin_layout.php(22): CodeIgniter\Debug\Exceptions->errorHandler(2, 'Undefined varia...', 'C:\\xampp\\htdocs...', 22)
#1 C:\xampp\htdocs\perpustakaan\system\View\View.php(210): include('C:\\xampp\\htdocs...')
#2 C:\xampp\htdocs\perpustakaan\system\View\View.php(213): CodeIgniter\View\View->CodeIgniter\View\{closure}()
#3 C:\xampp\htdocs\perpustakaan\system\Common.php(1089): CodeIgniter\View\View->render('admin/admin_lay...', Array, true)
#4 C:\xampp\htdocs\perpustakaan\app\Controllers\Admin.php(21): view('admin/admin_lay...')
#5 C:\xampp\htdocs\perpustakaan\system\CodeIgniter.php(832): App\Controllers\Admin->home()
#6 C:\xampp\htdocs\perpustakaan\system\CodeIgniter.php(419): CodeIgniter\CodeIgniter->runController(Object(App\Controllers\Admin))
#7 C:\xampp\htdocs\perpustakaan\system\CodeIgniter.php(326): CodeIgniter\CodeIgniter->handleRequest(NULL, Object(Config\Cache), false)
#8 C:\xampp\htdocs\perpustakaan\public\index.php(37): CodeIgniter\CodeIgniter->run()
#9 {main}
CRITICAL - 2022-05-06 19:56:39 --> Undefined variable $daftarhadir
#0 C:\xampp\htdocs\perpustakaan\app\Views\admin\admin_layout.php(22): CodeIgniter\Debug\Exceptions->errorHandler(2, 'Undefined varia...', 'C:\\xampp\\htdocs...', 22)
#1 C:\xampp\htdocs\perpustakaan\system\View\View.php(210): include('C:\\xampp\\htdocs...')
#2 C:\xampp\htdocs\perpustakaan\system\View\View.php(213): CodeIgniter\View\View->CodeIgniter\View\{closure}()
#3 C:\xampp\htdocs\perpustakaan\system\Common.php(1089): CodeIgniter\View\View->render('admin/admin_lay...', Array, true)
#4 C:\xampp\htdocs\perpustakaan\app\Controllers\Admin.php(21): view('admin/admin_lay...')
#5 C:\xampp\htdocs\perpustakaan\system\CodeIgniter.php(832): App\Controllers\Admin->home()
#6 C:\xampp\htdocs\perpustakaan\system\CodeIgniter.php(419): CodeIgniter\CodeIgniter->runController(Object(App\Controllers\Admin))
#7 C:\xampp\htdocs\perpustakaan\system\CodeIgniter.php(326): CodeIgniter\CodeIgniter->handleRequest(NULL, Object(Config\Cache), false)
#8 C:\xampp\htdocs\perpustakaan\public\index.php(37): CodeIgniter\CodeIgniter->run()
#9 {main}
CRITICAL - 2022-05-06 20:00:18 --> Undefined variable $daftarhadir
#0 C:\xampp\htdocs\perpustakaan\app\Views\admin\admin_layout.php(22): CodeIgniter\Debug\Exceptions->errorHandler(2, 'Undefined varia...', 'C:\\xampp\\htdocs...', 22)
#1 C:\xampp\htdocs\perpustakaan\system\View\View.php(210): include('C:\\xampp\\htdocs...')
#2 C:\xampp\htdocs\perpustakaan\system\View\View.php(213): CodeIgniter\View\View->CodeIgniter\View\{closure}()
#3 C:\xampp\htdocs\perpustakaan\system\Common.php(1089): CodeIgniter\View\View->render('admin/admin_lay...', Array, true)
#4 C:\xampp\htdocs\perpustakaan\app\Controllers\Admin.php(21): view('admin/admin_lay...')
#5 C:\xampp\htdocs\perpustakaan\system\CodeIgniter.php(832): App\Controllers\Admin->home()
#6 C:\xampp\htdocs\perpustakaan\system\CodeIgniter.php(419): CodeIgniter\CodeIgniter->runController(Object(App\Controllers\Admin))
#7 C:\xampp\htdocs\perpustakaan\system\CodeIgniter.php(326): CodeIgniter\CodeIgniter->handleRequest(NULL, Object(Config\Cache), false)
#8 C:\xampp\htdocs\perpustakaan\public\index.php(37): CodeIgniter\CodeIgniter->run()
#9 {main}
CRITICAL - 2022-05-06 20:01:16 --> Undefined variable $daftarhadir
#0 C:\xampp\htdocs\perpustakaan\app\Views\admin\admin_layout.php(22): CodeIgniter\Debug\Exceptions->errorHandler(2, 'Undefined varia...', 'C:\\xampp\\htdocs...', 22)
#1 C:\xampp\htdocs\perpustakaan\system\View\View.php(210): include('C:\\xampp\\htdocs...')
#2 C:\xampp\htdocs\perpustakaan\system\View\View.php(213): CodeIgniter\View\View->CodeIgniter\View\{closure}()
#3 C:\xampp\htdocs\perpustakaan\system\Common.php(1089): CodeIgniter\View\View->render('admin/admin_lay...', Array, true)
#4 C:\xampp\htdocs\perpustakaan\app\Controllers\Admin.php(21): view('admin/admin_lay...')
#5 C:\xampp\htdocs\perpustakaan\system\CodeIgniter.php(832): App\Controllers\Admin->home()
#6 C:\xampp\htdocs\perpustakaan\system\CodeIgniter.php(419): CodeIgniter\CodeIgniter->runController(Object(App\Controllers\Admin))
#7 C:\xampp\htdocs\perpustakaan\system\CodeIgniter.php(326): CodeIgniter\CodeIgniter->handleRequest(NULL, Object(Config\Cache), false)
#8 C:\xampp\htdocs\perpustakaan\public\index.php(37): CodeIgniter\CodeIgniter->run()
#9 {main}
CRITICAL - 2022-05-06 20:08:17 --> Undefined variable $daftarhadir
#0 C:\xampp\htdocs\perpustakaan\app\Views\admin\admin_layout.php(22): CodeIgniter\Debug\Exceptions->errorHandler(2, 'Undefined varia...', 'C:\\xampp\\htdocs...', 22)
#1 C:\xampp\htdocs\perpustakaan\system\View\View.php(210): include('C:\\xampp\\htdocs...')
#2 C:\xampp\htdocs\perpustakaan\system\View\View.php(213): CodeIgniter\View\View->CodeIgniter\View\{closure}()
#3 C:\xampp\htdocs\perpustakaan\system\Common.php(1089): CodeIgniter\View\View->render('admin/admin_lay...', Array, true)
#4 C:\xampp\htdocs\perpustakaan\app\Controllers\Admin.php(21): view('admin/admin_lay...')
#5 C:\xampp\htdocs\perpustakaan\system\CodeIgniter.php(832): App\Controllers\Admin->home()
#6 C:\xampp\htdocs\perpustakaan\system\CodeIgniter.php(419): CodeIgniter\CodeIgniter->runController(Object(App\Controllers\Admin))
#7 C:\xampp\htdocs\perpustakaan\system\CodeIgniter.php(326): CodeIgniter\CodeIgniter->handleRequest(NULL, Object(Config\Cache), false)
#8 C:\xampp\htdocs\perpustakaan\public\index.php(37): CodeIgniter\CodeIgniter->run()
#9 {main}
CRITICAL - 2022-05-06 20:11:45 --> Undefined variable $daftarhadir
#0 C:\xampp\htdocs\perpustakaan\app\Views\admin\admin_layout.php(21): CodeIgniter\Debug\Exceptions->errorHandler(2, 'Undefined varia...', 'C:\\xampp\\htdocs...', 21)
#1 C:\xampp\htdocs\perpustakaan\system\View\View.php(210): include('C:\\xampp\\htdocs...')
#2 C:\xampp\htdocs\perpustakaan\system\View\View.php(213): CodeIgniter\View\View->CodeIgniter\View\{closure}()
#3 C:\xampp\htdocs\perpustakaan\system\Common.php(1089): CodeIgniter\View\View->render('admin/admin_lay...', Array, true)
#4 C:\xampp\htdocs\perpustakaan\app\Controllers\Admin.php(21): view('admin/admin_lay...')
#5 C:\xampp\htdocs\perpustakaan\system\CodeIgniter.php(832): App\Controllers\Admin->home()
#6 C:\xampp\htdocs\perpustakaan\system\CodeIgniter.php(419): CodeIgniter\CodeIgniter->runController(Object(App\Controllers\Admin))
#7 C:\xampp\htdocs\perpustakaan\system\CodeIgniter.php(326): CodeIgniter\CodeIgniter->handleRequest(NULL, Object(Config\Cache), false)
#8 C:\xampp\htdocs\perpustakaan\public\index.php(37): CodeIgniter\CodeIgniter->run()
#9 {main}
CRITICAL - 2022-05-06 20:13:50 --> Undefined variable $daftarhadir
#0 C:\xampp\htdocs\perpustakaan\app\Views\admin\admin_layout.php(21): CodeIgniter\Debug\Exceptions->errorHandler(2, 'Undefined varia...', 'C:\\xampp\\htdocs...', 21)
#1 C:\xampp\htdocs\perpustakaan\system\View\View.php(210): include('C:\\xampp\\htdocs...')
#2 C:\xampp\htdocs\perpustakaan\system\View\View.php(213): CodeIgniter\View\View->CodeIgniter\View\{closure}()
#3 C:\xampp\htdocs\perpustakaan\system\Common.php(1089): CodeIgniter\View\View->render('admin/admin_lay...', Array, true)
#4 C:\xampp\htdocs\perpustakaan\app\Controllers\Admin.php(21): view('admin/admin_lay...')
#5 C:\xampp\htdocs\perpustakaan\system\CodeIgniter.php(832): App\Controllers\Admin->home()
#6 C:\xampp\htdocs\perpustakaan\system\CodeIgniter.php(419): CodeIgniter\CodeIgniter->runController(Object(App\Controllers\Admin))
#7 C:\xampp\htdocs\perpustakaan\system\CodeIgniter.php(326): CodeIgniter\CodeIgniter->handleRequest(NULL, Object(Config\Cache), false)
#8 C:\xampp\htdocs\perpustakaan\public\index.php(37): CodeIgniter\CodeIgniter->run()
#9 {main}
CRITICAL - 2022-05-06 20:15:15 --> Undefined variable $key
#0 C:\xampp\htdocs\perpustakaan\app\Views\admin\admin_layout.php(21): CodeIgniter\Debug\Exceptions->errorHandler(2, 'Undefined varia...', 'C:\\xampp\\htdocs...', 21)
#1 C:\xampp\htdocs\perpustakaan\system\View\View.php(210): include('C:\\xampp\\htdocs...')
#2 C:\xampp\htdocs\perpustakaan\system\View\View.php(213): CodeIgniter\View\View->CodeIgniter\View\{closure}()
#3 C:\xampp\htdocs\perpustakaan\system\Common.php(1089): CodeIgniter\View\View->render('admin/admin_lay...', Array, true)
#4 C:\xampp\htdocs\perpustakaan\app\Controllers\Admin.php(21): view('admin/admin_lay...')
#5 C:\xampp\htdocs\perpustakaan\system\CodeIgniter.php(832): App\Controllers\Admin->home()
#6 C:\xampp\htdocs\perpustakaan\system\CodeIgniter.php(419): CodeIgniter\CodeIgniter->runController(Object(App\Controllers\Admin))
#7 C:\xampp\htdocs\perpustakaan\system\CodeIgniter.php(326): CodeIgniter\CodeIgniter->handleRequest(NULL, Object(Config\Cache), false)
#8 C:\xampp\htdocs\perpustakaan\public\index.php(37): CodeIgniter\CodeIgniter->run()
#9 {main}
CRITICAL - 2022-05-06 20:15:35 --> syntax error, unexpected token ")"
#0 C:\xampp\htdocs\perpustakaan\system\View\View.php(213): CodeIgniter\View\View->CodeIgniter\View\{closure}()
#1 C:\xampp\htdocs\perpustakaan\system\Common.php(1089): CodeIgniter\View\View->render('admin/admin_lay...', Array, true)
#2 C:\xampp\htdocs\perpustakaan\app\Controllers\Admin.php(21): view('admin/admin_lay...')
#3 C:\xampp\htdocs\perpustakaan\system\CodeIgniter.php(832): App\Controllers\Admin->home()
#4 C:\xampp\htdocs\perpustakaan\system\CodeIgniter.php(419): CodeIgniter\CodeIgniter->runController(Object(App\Controllers\Admin))
#5 C:\xampp\htdocs\perpustakaan\system\CodeIgniter.php(326): CodeIgniter\CodeIgniter->handleRequest(NULL, Object(Config\Cache), false)
#6 C:\xampp\htdocs\perpustakaan\public\index.php(37): CodeIgniter\CodeIgniter->run()
#7 {main}
CRITICAL - 2022-05-06 20:15:52 --> syntax error, unexpected variable "$data", expecting "("
#0 C:\xampp\htdocs\perpustakaan\system\View\View.php(213): CodeIgniter\View\View->CodeIgniter\View\{closure}()
#1 C:\xampp\htdocs\perpustakaan\system\Common.php(1089): CodeIgniter\View\View->render('admin/admin_lay...', Array, true)
#2 C:\xampp\htdocs\perpustakaan\app\Controllers\Admin.php(21): view('admin/admin_lay...')
#3 C:\xampp\htdocs\perpustakaan\system\CodeIgniter.php(832): App\Controllers\Admin->home()
#4 C:\xampp\htdocs\perpustakaan\system\CodeIgniter.php(419): CodeIgniter\CodeIgniter->runController(Object(App\Controllers\Admin))
#5 C:\xampp\htdocs\perpustakaan\system\CodeIgniter.php(326): CodeIgniter\CodeIgniter->handleRequest(NULL, Object(Config\Cache), false)
#6 C:\xampp\htdocs\perpustakaan\public\index.php(37): CodeIgniter\CodeIgniter->run()
#7 {main}
CRITICAL - 2022-05-06 20:18:08 --> Undefined variable $key
#0 C:\xampp\htdocs\perpustakaan\app\Views\admin\admin_layout.php(21): CodeIgniter\Debug\Exceptions->errorHandler(2, 'Undefined varia...', 'C:\\xampp\\htdocs...', 21)
#1 C:\xampp\htdocs\perpustakaan\system\View\View.php(210): include('C:\\xampp\\htdocs...')
#2 C:\xampp\htdocs\perpustakaan\system\View\View.php(213): CodeIgniter\View\View->CodeIgniter\View\{closure}()
#3 C:\xampp\htdocs\perpustakaan\system\Common.php(1089): CodeIgniter\View\View->render('admin/admin_lay...', Array, true)
#4 C:\xampp\htdocs\perpustakaan\app\Controllers\Admin.php(21): view('admin/admin_lay...')
#5 C:\xampp\htdocs\perpustakaan\system\CodeIgniter.php(832): App\Controllers\Admin->home()
#6 C:\xampp\htdocs\perpustakaan\system\CodeIgniter.php(419): CodeIgniter\CodeIgniter->runController(Object(App\Controllers\Admin))
#7 C:\xampp\htdocs\perpustakaan\system\CodeIgniter.php(326): CodeIgniter\CodeIgniter->handleRequest(NULL, Object(Config\Cache), false)
#8 C:\xampp\htdocs\perpustakaan\public\index.php(37): CodeIgniter\CodeIgniter->run()
#9 {main}
CRITICAL - 2022-05-06 20:19:53 --> Undefined variable $daftarhadir
#0 C:\xampp\htdocs\perpustakaan\app\Views\admin\admin_layout.php(21): CodeIgniter\Debug\Exceptions->errorHandler(2, 'Undefined varia...', 'C:\\xampp\\htdocs...', 21)
#1 C:\xampp\htdocs\perpustakaan\system\View\View.php(210): include('C:\\xampp\\htdocs...')
#2 C:\xampp\htdocs\perpustakaan\system\View\View.php(213): CodeIgniter\View\View->CodeIgniter\View\{closure}()
#3 C:\xampp\htdocs\perpustakaan\system\Common.php(1089): CodeIgniter\View\View->render('admin/admin_lay...', Array, true)
#4 C:\xampp\htdocs\perpustakaan\app\Controllers\Admin.php(21): view('admin/admin_lay...')
#5 C:\xampp\htdocs\perpustakaan\system\CodeIgniter.php(832): App\Controllers\Admin->home()
#6 C:\xampp\htdocs\perpustakaan\system\CodeIgniter.php(419): CodeIgniter\CodeIgniter->runController(Object(App\Controllers\Admin))
#7 C:\xampp\htdocs\perpustakaan\system\CodeIgniter.php(326): CodeIgniter\CodeIgniter->handleRequest(NULL, Object(Config\Cache), false)
#8 C:\xampp\htdocs\perpustakaan\public\index.php(37): CodeIgniter\CodeIgniter->run()
#9 {main}
CRITICAL - 2022-05-06 20:23:18 --> Undefined variable $daftarhadir
#0 C:\xampp\htdocs\perpustakaan\app\Views\admin\admin_layout.php(21): CodeIgniter\Debug\Exceptions->errorHandler(2, 'Undefined varia...', 'C:\\xampp\\htdocs...', 21)
#1 C:\xampp\htdocs\perpustakaan\system\View\View.php(210): include('C:\\xampp\\htdocs...')
#2 C:\xampp\htdocs\perpustakaan\system\View\View.php(213): CodeIgniter\View\View->CodeIgniter\View\{closure}()
#3 C:\xampp\htdocs\perpustakaan\system\Common.php(1089): CodeIgniter\View\View->render('admin/admin_lay...', Array, true)
#4 C:\xampp\htdocs\perpustakaan\app\Controllers\Admin.php(21): view('admin/admin_lay...')
#5 C:\xampp\htdocs\perpustakaan\system\CodeIgniter.php(832): App\Controllers\Admin->home()
#6 C:\xampp\htdocs\perpustakaan\system\CodeIgniter.php(419): CodeIgniter\CodeIgniter->runController(Object(App\Controllers\Admin))
#7 C:\xampp\htdocs\perpustakaan\system\CodeIgniter.php(326): CodeIgniter\CodeIgniter->handleRequest(NULL, Object(Config\Cache), false)
#8 C:\xampp\htdocs\perpustakaan\public\index.php(37): CodeIgniter\CodeIgniter->run()
#9 {main}
CRITICAL - 2022-05-06 20:25:01 --> Undefined variable $data
#0 C:\xampp\htdocs\perpustakaan\app\Views\admin\admin_layout.php(21): CodeIgniter\Debug\Exceptions->errorHandler(2, 'Undefined varia...', 'C:\\xampp\\htdocs...', 21)
#1 C:\xampp\htdocs\perpustakaan\system\View\View.php(210): include('C:\\xampp\\htdocs...')
#2 C:\xampp\htdocs\perpustakaan\system\View\View.php(213): CodeIgniter\View\View->CodeIgniter\View\{closure}()
#3 C:\xampp\htdocs\perpustakaan\system\Common.php(1089): CodeIgniter\View\View->render('admin/admin_lay...', Array, true)
#4 C:\xampp\htdocs\perpustakaan\app\Controllers\Admin.php(21): view('admin/admin_lay...')
#5 C:\xampp\htdocs\perpustakaan\system\CodeIgniter.php(832): App\Controllers\Admin->home()
#6 C:\xampp\htdocs\perpustakaan\system\CodeIgniter.php(419): CodeIgniter\CodeIgniter->runController(Object(App\Controllers\Admin))
#7 C:\xampp\htdocs\perpustakaan\system\CodeIgniter.php(326): CodeIgniter\CodeIgniter->handleRequest(NULL, Object(Config\Cache), false)
#8 C:\xampp\htdocs\perpustakaan\public\index.php(37): CodeIgniter\CodeIgniter->run()
#9 {main}
CRITICAL - 2022-05-06 20:25:57 --> Undefined variable $data
#0 C:\xampp\htdocs\perpustakaan\app\Views\admin\admin_layout.php(20): CodeIgniter\Debug\Exceptions->errorHandler(2, 'Undefined varia...', 'C:\\xampp\\htdocs...', 20)
#1 C:\xampp\htdocs\perpustakaan\system\View\View.php(210): include('C:\\xampp\\htdocs...')
#2 C:\xampp\htdocs\perpustakaan\system\View\View.php(213): CodeIgniter\View\View->CodeIgniter\View\{closure}()
#3 C:\xampp\htdocs\perpustakaan\system\Common.php(1089): CodeIgniter\View\View->render('admin/admin_lay...', Array, true)
#4 C:\xampp\htdocs\perpustakaan\app\Controllers\Admin.php(21): view('admin/admin_lay...')
#5 C:\xampp\htdocs\perpustakaan\system\CodeIgniter.php(832): App\Controllers\Admin->home()
#6 C:\xampp\htdocs\perpustakaan\system\CodeIgniter.php(419): CodeIgniter\CodeIgniter->runController(Object(App\Controllers\Admin))
#7 C:\xampp\htdocs\perpustakaan\system\CodeIgniter.php(326): CodeIgniter\CodeIgniter->handleRequest(NULL, Object(Config\Cache), false)
#8 C:\xampp\htdocs\perpustakaan\public\index.php(37): CodeIgniter\CodeIgniter->run()
#9 {main}
ERROR - 2022-05-06 20:26:31 --> Duplicate entry 'ekasuci' for key 'PRIMARY'
CRITICAL - 2022-05-06 20:26:31 --> Duplicate entry 'ekasuci' for key 'PRIMARY'
#0 C:\xampp\htdocs\perpustakaan\system\Database\MySQLi\Connection.php(292): mysqli->query('INSERT INTO `ad...', 0)
#1 C:\xampp\htdocs\perpustakaan\system\Database\BaseConnection.php(670): CodeIgniter\Database\MySQLi\Connection->execute('INSERT INTO `ad...')
#2 C:\xampp\htdocs\perpustakaan\system\Database\BaseConnection.php(598): CodeIgniter\Database\BaseConnection->simpleQuery('INSERT INTO `ad...')
#3 C:\xampp\htdocs\perpustakaan\system\Database\BaseBuilder.php(1771): CodeIgniter\Database\BaseConnection->query('INSERT INTO `ad...', Array, false)
#4 C:\xampp\htdocs\perpustakaan\system\Model.php(239): CodeIgniter\Database\BaseBuilder->insert()
#5 C:\xampp\htdocs\perpustakaan\system\BaseModel.php(738): CodeIgniter\Model->doInsert(Array)
#6 C:\xampp\htdocs\perpustakaan\system\Model.php(625): CodeIgniter\BaseModel->insert(Array, true)
#7 C:\xampp\htdocs\perpustakaan\app\Controllers\Admin.php(86): CodeIgniter\Model->insert(Array)
#8 C:\xampp\htdocs\perpustakaan\system\CodeIgniter.php(832): App\Controllers\Admin->prosesDaftar()
#9 C:\xampp\htdocs\perpustakaan\system\CodeIgniter.php(419): CodeIgniter\CodeIgniter->runController(Object(App\Controllers\Admin))
#10 C:\xampp\htdocs\perpustakaan\system\CodeIgniter.php(326): CodeIgniter\CodeIgniter->handleRequest(NULL, Object(Config\Cache), false)
#11 C:\xampp\htdocs\perpustakaan\public\index.php(37): CodeIgniter\CodeIgniter->run()
#12 {main}
CRITICAL - 2022-05-06 20:27:22 --> Undefined variable $data
#0 C:\xampp\htdocs\perpustakaan\app\Views\admin\admin_layout.php(21): CodeIgniter\Debug\Exceptions->errorHandler(2, 'Undefined varia...', 'C:\\xampp\\htdocs...', 21)
#1 C:\xampp\htdocs\perpustakaan\system\View\View.php(210): include('C:\\xampp\\htdocs...')
#2 C:\xampp\htdocs\perpustakaan\system\View\View.php(213): CodeIgniter\View\View->CodeIgniter\View\{closure}()
#3 C:\xampp\htdocs\perpustakaan\system\Common.php(1089): CodeIgniter\View\View->render('admin/admin_lay...', Array, true)
#4 C:\xampp\htdocs\perpustakaan\app\Controllers\Admin.php(21): view('admin/admin_lay...')
#5 C:\xampp\htdocs\perpustakaan\system\CodeIgniter.php(832): App\Controllers\Admin->home()
#6 C:\xampp\htdocs\perpustakaan\system\CodeIgniter.php(419): CodeIgniter\CodeIgniter->runController(Object(App\Controllers\Admin))
#7 C:\xampp\htdocs\perpustakaan\system\CodeIgniter.php(326): CodeIgniter\CodeIgniter->handleRequest(NULL, Object(Config\Cache), false)
#8 C:\xampp\htdocs\perpustakaan\public\index.php(37): CodeIgniter\CodeIgniter->run()
#9 {main}
CRITICAL - 2022-05-06 20:29:45 --> Undefined variable $daftarhadir
#0 C:\xampp\htdocs\perpustakaan\app\Views\admin\admin_layout.php(21): CodeIgniter\Debug\Exceptions->errorHandler(2, 'Undefined varia...', 'C:\\xampp\\htdocs...', 21)
#1 C:\xampp\htdocs\perpustakaan\system\View\View.php(210): include('C:\\xampp\\htdocs...')
#2 C:\xampp\htdocs\perpustakaan\system\View\View.php(213): CodeIgniter\View\View->CodeIgniter\View\{closure}()
#3 C:\xampp\htdocs\perpustakaan\system\Common.php(1089): CodeIgniter\View\View->render('admin/admin_lay...', Array, true)
#4 C:\xampp\htdocs\perpustakaan\app\Controllers\Admin.php(21): view('admin/admin_lay...')
#5 C:\xampp\htdocs\perpustakaan\system\CodeIgniter.php(832): App\Controllers\Admin->home()
#6 C:\xampp\htdocs\perpustakaan\system\CodeIgniter.php(419): CodeIgniter\CodeIgniter->runController(Object(App\Controllers\Admin))
#7 C:\xampp\htdocs\perpustakaan\system\CodeIgniter.php(326): CodeIgniter\CodeIgniter->handleRequest(NULL, Object(Config\Cache), false)
#8 C:\xampp\htdocs\perpustakaan\public\index.php(37): CodeIgniter\CodeIgniter->run()
#9 {main}
CRITICAL - 2022-05-06 20:33:18 --> Undefined variable $daftarhadir
#0 C:\xampp\htdocs\perpustakaan\app\Views\admin\admin_layout.php(20): CodeIgniter\Debug\Exceptions->errorHandler(2, 'Undefined varia...', 'C:\\xampp\\htdocs...', 20)
#1 C:\xampp\htdocs\perpustakaan\system\View\View.php(210): include('C:\\xampp\\htdocs...')
#2 C:\xampp\htdocs\perpustakaan\system\View\View.php(213): CodeIgniter\View\View->CodeIgniter\View\{closure}()
#3 C:\xampp\htdocs\perpustakaan\system\Common.php(1089): CodeIgniter\View\View->render('admin/admin_lay...', Array, true)
#4 C:\xampp\htdocs\perpustakaan\app\Controllers\Admin.php(21): view('admin/admin_lay...')
#5 C:\xampp\htdocs\perpustakaan\system\CodeIgniter.php(832): App\Controllers\Admin->home()
#6 C:\xampp\htdocs\perpustakaan\system\CodeIgniter.php(419): CodeIgniter\CodeIgniter->runController(Object(App\Controllers\Admin))
#7 C:\xampp\htdocs\perpustakaan\system\CodeIgniter.php(326): CodeIgniter\CodeIgniter->handleRequest(NULL, Object(Config\Cache), false)
#8 C:\xampp\htdocs\perpustakaan\public\index.php(37): CodeIgniter\CodeIgniter->run()
#9 {main}
CRITICAL - 2022-05-06 20:33:56 --> Undefined variable $daftarhadir
#0 C:\xampp\htdocs\perpustakaan\app\Views\admin\admin_layout.php(20): CodeIgniter\Debug\Exceptions->errorHandler(2, 'Undefined varia...', 'C:\\xampp\\htdocs...', 20)
#1 C:\xampp\htdocs\perpustakaan\system\View\View.php(210): include('C:\\xampp\\htdocs...')
#2 C:\xampp\htdocs\perpustakaan\system\View\View.php(213): CodeIgniter\View\View->CodeIgniter\View\{closure}()
#3 C:\xampp\htdocs\perpustakaan\system\Common.php(1089): CodeIgniter\View\View->render('admin/admin_lay...', Array, true)
#4 C:\xampp\htdocs\perpustakaan\app\Controllers\Admin.php(21): view('admin/admin_lay...')
#5 C:\xampp\htdocs\perpustakaan\system\CodeIgniter.php(832): App\Controllers\Admin->home()
#6 C:\xampp\htdocs\perpustakaan\system\CodeIgniter.php(419): CodeIgniter\CodeIgniter->runController(Object(App\Controllers\Admin))
#7 C:\xampp\htdocs\perpustakaan\system\CodeIgniter.php(326): CodeIgniter\CodeIgniter->handleRequest(NULL, Object(Config\Cache), false)
#8 C:\xampp\htdocs\perpustakaan\public\index.php(37): CodeIgniter\CodeIgniter->run()
#9 {main}
CRITICAL - 2022-05-06 20:36:14 --> Undefined variable $daftarhadir
#0 C:\xampp\htdocs\perpustakaan\app\Views\admin\admin_layout.php(20): CodeIgniter\Debug\Exceptions->errorHandler(2, 'Undefined varia...', 'C:\\xampp\\htdocs...', 20)
#1 C:\xampp\htdocs\perpustakaan\system\View\View.php(210): include('C:\\xampp\\htdocs...')
#2 C:\xampp\htdocs\perpustakaan\system\View\View.php(213): CodeIgniter\View\View->CodeIgniter\View\{closure}()
#3 C:\xampp\htdocs\perpustakaan\system\Common.php(1089): CodeIgniter\View\View->render('admin/admin_lay...', Array, true)
#4 C:\xampp\htdocs\perpustakaan\app\Controllers\Admin.php(21): view('admin/admin_lay...')
#5 C:\xampp\htdocs\perpustakaan\system\CodeIgniter.php(832): App\Controllers\Admin->home()
#6 C:\xampp\htdocs\perpustakaan\system\CodeIgniter.php(419): CodeIgniter\CodeIgniter->runController(Object(App\Controllers\Admin))
#7 C:\xampp\htdocs\perpustakaan\system\CodeIgniter.php(326): CodeIgniter\CodeIgniter->handleRequest(NULL, Object(Config\Cache), false)
#8 C:\xampp\htdocs\perpustakaan\public\index.php(37): CodeIgniter\CodeIgniter->run()
#9 {main}
CRITICAL - 2022-05-06 20:42:54 --> Undefined variable $pager
#0 C:\xampp\htdocs\perpustakaan\app\Views\admin\admin_layout.php(20): CodeIgniter\Debug\Exceptions->errorHandler(2, 'Undefined varia...', 'C:\\xampp\\htdocs...', 20)
#1 C:\xampp\htdocs\perpustakaan\system\View\View.php(210): include('C:\\xampp\\htdocs...')
#2 C:\xampp\htdocs\perpustakaan\system\View\View.php(213): CodeIgniter\View\View->CodeIgniter\View\{closure}()
#3 C:\xampp\htdocs\perpustakaan\system\Common.php(1089): CodeIgniter\View\View->render('admin/admin_lay...', Array, true)
#4 C:\xampp\htdocs\perpustakaan\app\Controllers\Admin.php(21): view('admin/admin_lay...')
#5 C:\xampp\htdocs\perpustakaan\system\CodeIgniter.php(832): App\Controllers\Admin->home()
#6 C:\xampp\htdocs\perpustakaan\system\CodeIgniter.php(419): CodeIgniter\CodeIgniter->runController(Object(App\Controllers\Admin))
#7 C:\xampp\htdocs\perpustakaan\system\CodeIgniter.php(326): CodeIgniter\CodeIgniter->handleRequest(NULL, Object(Config\Cache), false)
#8 C:\xampp\htdocs\perpustakaan\public\index.php(37): CodeIgniter\CodeIgniter->run()
#9 {main}
CRITICAL - 2022-05-06 20:46:58 --> Undefined variable $daftarhadir
#0 C:\xampp\htdocs\perpustakaan\app\Views\admin\admin_layout.php(20): CodeIgniter\Debug\Exceptions->errorHandler(2, 'Undefined varia...', 'C:\\xampp\\htdocs...', 20)
#1 C:\xampp\htdocs\perpustakaan\system\View\View.php(210): include('C:\\xampp\\htdocs...')
#2 C:\xampp\htdocs\perpustakaan\system\View\View.php(213): CodeIgniter\View\View->CodeIgniter\View\{closure}()
#3 C:\xampp\htdocs\perpustakaan\system\Common.php(1089): CodeIgniter\View\View->render('admin/admin_lay...', Array, true)
#4 C:\xampp\htdocs\perpustakaan\app\Controllers\Admin.php(21): view('admin/admin_lay...')
#5 C:\xampp\htdocs\perpustakaan\system\CodeIgniter.php(832): App\Controllers\Admin->home()
#6 C:\xampp\htdocs\perpustakaan\system\CodeIgniter.php(419): CodeIgniter\CodeIgniter->runController(Object(App\Controllers\Admin))
#7 C:\xampp\htdocs\perpustakaan\system\CodeIgniter.php(326): CodeIgniter\CodeIgniter->handleRequest(NULL, Object(Config\Cache), false)
#8 C:\xampp\htdocs\perpustakaan\public\index.php(37): CodeIgniter\CodeIgniter->run()
#9 {main}
CRITICAL - 2022-05-06 20:48:49 --> Undefined variable $daftarhadir
#0 C:\xampp\htdocs\perpustakaan\app\Views\admin\admin_layout.php(20): CodeIgniter\Debug\Exceptions->errorHandler(2, 'Undefined varia...', 'C:\\xampp\\htdocs...', 20)
#1 C:\xampp\htdocs\perpustakaan\system\View\View.php(210): include('C:\\xampp\\htdocs...')
#2 C:\xampp\htdocs\perpustakaan\system\View\View.php(213): CodeIgniter\View\View->CodeIgniter\View\{closure}()
#3 C:\xampp\htdocs\perpustakaan\system\Common.php(1089): CodeIgniter\View\View->render('admin/admin_lay...', Array, true)
#4 C:\xampp\htdocs\perpustakaan\app\Controllers\Admin.php(21): view('admin/admin_lay...')
#5 C:\xampp\htdocs\perpustakaan\system\CodeIgniter.php(832): App\Controllers\Admin->home()
#6 C:\xampp\htdocs\perpustakaan\system\CodeIgniter.php(419): CodeIgniter\CodeIgniter->runController(Object(App\Controllers\Admin))
#7 C:\xampp\htdocs\perpustakaan\system\CodeIgniter.php(326): CodeIgniter\CodeIgniter->handleRequest(NULL, Object(Config\Cache), false)
#8 C:\xampp\htdocs\perpustakaan\public\index.php(37): CodeIgniter\CodeIgniter->run()
#9 {main}
CRITICAL - 2022-05-06 20:50:09 --> Undefined variable $pager
#0 C:\xampp\htdocs\perpustakaan\app\Views\admin\admin_layout.php(20): CodeIgniter\Debug\Exceptions->errorHandler(2, 'Undefined varia...', 'C:\\xampp\\htdocs...', 20)
#1 C:\xampp\htdocs\perpustakaan\system\View\View.php(210): include('C:\\xampp\\htdocs...')
#2 C:\xampp\htdocs\perpustakaan\system\View\View.php(213): CodeIgniter\View\View->CodeIgniter\View\{closure}()
#3 C:\xampp\htdocs\perpustakaan\system\Common.php(1089): CodeIgniter\View\View->render('admin/admin_lay...', Array, true)
#4 C:\xampp\htdocs\perpustakaan\app\Controllers\Admin.php(21): view('admin/admin_lay...')
#5 C:\xampp\htdocs\perpustakaan\system\CodeIgniter.php(832): App\Controllers\Admin->home()
#6 C:\xampp\htdocs\perpustakaan\system\CodeIgniter.php(419): CodeIgniter\CodeIgniter->runController(Object(App\Controllers\Admin))
#7 C:\xampp\htdocs\perpustakaan\system\CodeIgniter.php(326): CodeIgniter\CodeIgniter->handleRequest(NULL, Object(Config\Cache), false)
#8 C:\xampp\htdocs\perpustakaan\public\index.php(37): CodeIgniter\CodeIgniter->run()
#9 {main}
CRITICAL - 2022-05-06 20:55:42 --> syntax error, unexpected token "as", expecting variable or "{" or "$"
#0 C:\xampp\htdocs\perpustakaan\system\View\View.php(213): CodeIgniter\View\View->CodeIgniter\View\{closure}()
#1 C:\xampp\htdocs\perpustakaan\system\Common.php(1089): CodeIgniter\View\View->render('admin/admin_lay...', Array, true)
#2 C:\xampp\htdocs\perpustakaan\app\Controllers\Admin.php(21): view('admin/admin_lay...')
#3 C:\xampp\htdocs\perpustakaan\system\CodeIgniter.php(832): App\Controllers\Admin->home()
#4 C:\xampp\htdocs\perpustakaan\system\CodeIgniter.php(419): CodeIgniter\CodeIgniter->runController(Object(App\Controllers\Admin))
#5 C:\xampp\htdocs\perpustakaan\system\CodeIgniter.php(326): CodeIgniter\CodeIgniter->handleRequest(NULL, Object(Config\Cache), false)
#6 C:\xampp\htdocs\perpustakaan\public\index.php(37): CodeIgniter\CodeIgniter->run()
#7 {main}
CRITICAL - 2022-05-06 21:01:19 --> Undefined variable $daftarhadir
#0 C:\xampp\htdocs\perpustakaan\app\Views\admin\admin_layout.php(21): CodeIgniter\Debug\Exceptions->errorHandler(2, 'Undefined varia...', 'C:\\xampp\\htdocs...', 21)
#1 C:\xampp\htdocs\perpustakaan\system\View\View.php(210): include('C:\\xampp\\htdocs...')
#2 C:\xampp\htdocs\perpustakaan\system\View\View.php(213): CodeIgniter\View\View->CodeIgniter\View\{closure}()
#3 C:\xampp\htdocs\perpustakaan\system\Common.php(1089): CodeIgniter\View\View->render('admin/admin_lay...', Array, true)
#4 C:\xampp\htdocs\perpustakaan\app\Controllers\Admin.php(21): view('admin/admin_lay...')
#5 C:\xampp\htdocs\perpustakaan\system\CodeIgniter.php(832): App\Controllers\Admin->home()
#6 C:\xampp\htdocs\perpustakaan\system\CodeIgniter.php(419): CodeIgniter\CodeIgniter->runController(Object(App\Controllers\Admin))
#7 C:\xampp\htdocs\perpustakaan\system\CodeIgniter.php(326): CodeIgniter\CodeIgniter->handleRequest(NULL, Object(Config\Cache), false)
#8 C:\xampp\htdocs\perpustakaan\public\index.php(37): CodeIgniter\CodeIgniter->run()
#9 {main}
CRITICAL - 2022-05-06 21:01:49 --> Undefined variable $daftarhadir
#0 C:\xampp\htdocs\perpustakaan\app\Views\admin\admin_layout.php(21): CodeIgniter\Debug\Exceptions->errorHandler(2, 'Undefined varia...', 'C:\\xampp\\htdocs...', 21)
#1 C:\xampp\htdocs\perpustakaan\system\View\View.php(210): include('C:\\xampp\\htdocs...')
#2 C:\xampp\htdocs\perpustakaan\system\View\View.php(213): CodeIgniter\View\View->CodeIgniter\View\{closure}()
#3 C:\xampp\htdocs\perpustakaan\system\Common.php(1089): CodeIgniter\View\View->render('admin/admin_lay...', Array, true)
#4 C:\xampp\htdocs\perpustakaan\app\Controllers\Admin.php(21): view('admin/admin_lay...')
#5 C:\xampp\htdocs\perpustakaan\system\CodeIgniter.php(832): App\Controllers\Admin->home()
#6 C:\xampp\htdocs\perpustakaan\system\CodeIgniter.php(419): CodeIgniter\CodeIgniter->runController(Object(App\Controllers\Admin))
#7 C:\xampp\htdocs\perpustakaan\system\CodeIgniter.php(326): CodeIgniter\CodeIgniter->handleRequest(NULL, Object(Config\Cache), false)
#8 C:\xampp\htdocs\perpustakaan\public\index.php(37): CodeIgniter\CodeIgniter->run()
#9 {main}
CRITICAL - 2022-05-06 21:01:57 --> Undefined variable $daftarhadir
#0 C:\xampp\htdocs\perpustakaan\app\Views\admin\admin_layout.php(21): CodeIgniter\Debug\Exceptions->errorHandler(2, 'Undefined varia...', 'C:\\xampp\\htdocs...', 21)
#1 C:\xampp\htdocs\perpustakaan\system\View\View.php(210): include('C:\\xampp\\htdocs...')
#2 C:\xampp\htdocs\perpustakaan\system\View\View.php(213): CodeIgniter\View\View->CodeIgniter\View\{closure}()
#3 C:\xampp\htdocs\perpustakaan\system\Common.php(1089): CodeIgniter\View\View->render('admin/admin_lay...', Array, true)
#4 C:\xampp\htdocs\perpustakaan\app\Controllers\Admin.php(21): view('admin/admin_lay...')
#5 C:\xampp\htdocs\perpustakaan\system\CodeIgniter.php(832): App\Controllers\Admin->home()
#6 C:\xampp\htdocs\perpustakaan\system\CodeIgniter.php(419): CodeIgniter\CodeIgniter->runController(Object(App\Controllers\Admin))
#7 C:\xampp\htdocs\perpustakaan\system\CodeIgniter.php(326): CodeIgniter\CodeIgniter->handleRequest(NULL, Object(Config\Cache), false)
#8 C:\xampp\htdocs\perpustakaan\public\index.php(37): CodeIgniter\CodeIgniter->run()
#9 {main}
CRITICAL - 2022-05-06 21:04:38 --> Undefined variable $daftarhadir
#0 C:\xampp\htdocs\perpustakaan\app\Views\admin\admin_layout.php(21): CodeIgniter\Debug\Exceptions->errorHandler(2, 'Undefined varia...', 'C:\\xampp\\htdocs...', 21)
#1 C:\xampp\htdocs\perpustakaan\system\View\View.php(210): include('C:\\xampp\\htdocs...')
#2 C:\xampp\htdocs\perpustakaan\system\View\View.php(213): CodeIgniter\View\View->CodeIgniter\View\{closure}()
#3 C:\xampp\htdocs\perpustakaan\system\Common.php(1089): CodeIgniter\View\View->render('admin/admin_lay...', Array, true)
#4 C:\xampp\htdocs\perpustakaan\app\Controllers\Admin.php(21): view('admin/admin_lay...')
#5 C:\xampp\htdocs\perpustakaan\system\CodeIgniter.php(832): App\Controllers\Admin->home()
#6 C:\xampp\htdocs\perpustakaan\system\CodeIgniter.php(419): CodeIgniter\CodeIgniter->runController(Object(App\Controllers\Admin))
#7 C:\xampp\htdocs\perpustakaan\system\CodeIgniter.php(326): CodeIgniter\CodeIgniter->handleRequest(NULL, Object(Config\Cache), false)
#8 C:\xampp\htdocs\perpustakaan\public\index.php(37): CodeIgniter\CodeIgniter->run()
#9 {main}
CRITICAL - 2022-05-06 21:07:30 --> Undefined variable $daftarhadir
#0 C:\xampp\htdocs\perpustakaan\app\Views\admin\admin_layout.php(21): CodeIgniter\Debug\Exceptions->errorHandler(2, 'Undefined varia...', 'C:\\xampp\\htdocs...', 21)
#1 C:\xampp\htdocs\perpustakaan\system\View\View.php(210): include('C:\\xampp\\htdocs...')
#2 C:\xampp\htdocs\perpustakaan\system\View\View.php(213): CodeIgniter\View\View->CodeIgniter\View\{closure}()
#3 C:\xampp\htdocs\perpustakaan\system\Common.php(1089): CodeIgniter\View\View->render('admin/admin_lay...', Array, true)
#4 C:\xampp\htdocs\perpustakaan\app\Controllers\Admin.php(21): view('admin/admin_lay...')
#5 C:\xampp\htdocs\perpustakaan\system\CodeIgniter.php(832): App\Controllers\Admin->home()
#6 C:\xampp\htdocs\perpustakaan\system\CodeIgniter.php(419): CodeIgniter\CodeIgniter->runController(Object(App\Controllers\Admin))
#7 C:\xampp\htdocs\perpustakaan\system\CodeIgniter.php(326): CodeIgniter\CodeIgniter->handleRequest(NULL, Object(Config\Cache), false)
#8 C:\xampp\htdocs\perpustakaan\public\index.php(37): CodeIgniter\CodeIgniter->run()
#9 {main}
CRITICAL - 2022-05-06 21:11:19 --> Undefined variable $daftarhadir
#0 C:\xampp\htdocs\perpustakaan\app\Views\admin\admin_layout.php(21): CodeIgniter\Debug\Exceptions->errorHandler(2, 'Undefined varia...', 'C:\\xampp\\htdocs...', 21)
#1 C:\xampp\htdocs\perpustakaan\system\View\View.php(210): include('C:\\xampp\\htdocs...')
#2 C:\xampp\htdocs\perpustakaan\system\View\View.php(213): CodeIgniter\View\View->CodeIgniter\View\{closure}()
#3 C:\xampp\htdocs\perpustakaan\system\Common.php(1089): CodeIgniter\View\View->render('admin/admin_lay...', Array, true)
#4 C:\xampp\htdocs\perpustakaan\app\Controllers\Admin.php(21): view('admin/admin_lay...')
#5 C:\xampp\htdocs\perpustakaan\system\CodeIgniter.php(832): App\Controllers\Admin->home()
#6 C:\xampp\htdocs\perpustakaan\system\CodeIgniter.php(419): CodeIgniter\CodeIgniter->runController(Object(App\Controllers\Admin))
#7 C:\xampp\htdocs\perpustakaan\system\CodeIgniter.php(326): CodeIgniter\CodeIgniter->handleRequest(NULL, Object(Config\Cache), false)
#8 C:\xampp\htdocs\perpustakaan\public\index.php(37): CodeIgniter\CodeIgniter->run()
#9 {main}
CRITICAL - 2022-05-06 21:13:48 --> Undefined variable $daftarhadir
#0 C:\xampp\htdocs\perpustakaan\app\Views\admin\admin_layout.php(21): CodeIgniter\Debug\Exceptions->errorHandler(2, 'Undefined varia...', 'C:\\xampp\\htdocs...', 21)
#1 C:\xampp\htdocs\perpustakaan\system\View\View.php(210): include('C:\\xampp\\htdocs...')
#2 C:\xampp\htdocs\perpustakaan\system\View\View.php(213): CodeIgniter\View\View->CodeIgniter\View\{closure}()
#3 C:\xampp\htdocs\perpustakaan\system\Common.php(1089): CodeIgniter\View\View->render('admin/admin_lay...', Array, true)
#4 C:\xampp\htdocs\perpustakaan\app\Controllers\Admin.php(21): view('admin/admin_lay...')
#5 C:\xampp\htdocs\perpustakaan\system\CodeIgniter.php(832): App\Controllers\Admin->home()
#6 C:\xampp\htdocs\perpustakaan\system\CodeIgniter.php(419): CodeIgniter\CodeIgniter->runController(Object(App\Controllers\Admin))
#7 C:\xampp\htdocs\perpustakaan\system\CodeIgniter.php(326): CodeIgniter\CodeIgniter->handleRequest(NULL, Object(Config\Cache), false)
#8 C:\xampp\htdocs\perpustakaan\public\index.php(37): CodeIgniter\CodeIgniter->run()
#9 {main}
CRITICAL - 2022-05-06 21:19:41 --> Undefined variable $currentPage
#0 C:\xampp\htdocs\perpustakaan\app\Views\admin\admin_layout.php(20): CodeIgniter\Debug\Exceptions->errorHandler(2, 'Undefined varia...', 'C:\\xampp\\htdocs...', 20)
#1 C:\xampp\htdocs\perpustakaan\system\View\View.php(210): include('C:\\xampp\\htdocs...')
#2 C:\xampp\htdocs\perpustakaan\system\View\View.php(213): CodeIgniter\View\View->CodeIgniter\View\{closure}()
#3 C:\xampp\htdocs\perpustakaan\system\Common.php(1089): CodeIgniter\View\View->render('admin/admin_lay...', Array, true)
#4 C:\xampp\htdocs\perpustakaan\app\Controllers\Admin.php(21): view('admin/admin_lay...')
#5 C:\xampp\htdocs\perpustakaan\system\CodeIgniter.php(832): App\Controllers\Admin->home()
#6 C:\xampp\htdocs\perpustakaan\system\CodeIgniter.php(419): CodeIgniter\CodeIgniter->runController(Object(App\Controllers\Admin))
#7 C:\xampp\htdocs\perpustakaan\system\CodeIgniter.php(326): CodeIgniter\CodeIgniter->handleRequest(NULL, Object(Config\Cache), false)
#8 C:\xampp\htdocs\perpustakaan\public\index.php(37): CodeIgniter\CodeIgniter->run()
#9 {main}
CRITICAL - 2022-05-06 21:24:41 --> Undefined variable $currentPage
#0 C:\xampp\htdocs\perpustakaan\app\Views\admin\admin_layout.php(20): CodeIgniter\Debug\Exceptions->errorHandler(2, 'Undefined varia...', 'C:\\xampp\\htdocs...', 20)
#1 C:\xampp\htdocs\perpustakaan\system\View\View.php(210): include('C:\\xampp\\htdocs...')
#2 C:\xampp\htdocs\perpustakaan\system\View\View.php(213): CodeIgniter\View\View->CodeIgniter\View\{closure}()
#3 C:\xampp\htdocs\perpustakaan\system\Common.php(1089): CodeIgniter\View\View->render('admin/admin_lay...', Array, true)
#4 C:\xampp\htdocs\perpustakaan\app\Controllers\Admin.php(21): view('admin/admin_lay...')
#5 C:\xampp\htdocs\perpustakaan\system\CodeIgniter.php(832): App\Controllers\Admin->home()
#6 C:\xampp\htdocs\perpustakaan\system\CodeIgniter.php(419): CodeIgniter\CodeIgniter->runController(Object(App\Controllers\Admin))
#7 C:\xampp\htdocs\perpustakaan\system\CodeIgniter.php(326): CodeIgniter\CodeIgniter->handleRequest(NULL, Object(Config\Cache), false)
#8 C:\xampp\htdocs\perpustakaan\public\index.php(37): CodeIgniter\CodeIgniter->run()
#9 {main}
CRITICAL - 2022-05-06 21:28:08 --> Undefined variable $currentPage
#0 C:\xampp\htdocs\perpustakaan\app\Views\admin\admin_layout.php(20): CodeIgniter\Debug\Exceptions->errorHandler(2, 'Undefined varia...', 'C:\\xampp\\htdocs...', 20)
#1 C:\xampp\htdocs\perpustakaan\system\View\View.php(210): include('C:\\xampp\\htdocs...')
#2 C:\xampp\htdocs\perpustakaan\system\View\View.php(213): CodeIgniter\View\View->CodeIgniter\View\{closure}()
#3 C:\xampp\htdocs\perpustakaan\system\Common.php(1089): CodeIgniter\View\View->render('admin/admin_lay...', Array, true)
#4 C:\xampp\htdocs\perpustakaan\app\Controllers\Admin.php(22): view('admin/admin_lay...')
#5 C:\xampp\htdocs\perpustakaan\system\CodeIgniter.php(832): App\Controllers\Admin->home()
#6 C:\xampp\htdocs\perpustakaan\system\CodeIgniter.php(419): CodeIgniter\CodeIgniter->runController(Object(App\Controllers\Admin))
#7 C:\xampp\htdocs\perpustakaan\system\CodeIgniter.php(326): CodeIgniter\CodeIgniter->handleRequest(NULL, Object(Config\Cache), false)
#8 C:\xampp\htdocs\perpustakaan\public\index.php(37): CodeIgniter\CodeIgniter->run()
#9 {main}
CRITICAL - 2022-05-06 21:28:27 --> Object of class App\Models\DaftarHadirModel could not be converted to string
#0 C:\xampp\htdocs\perpustakaan\system\CodeIgniter.php(832): App\Controllers\Admin->home()
#1 C:\xampp\htdocs\perpustakaan\system\CodeIgniter.php(419): CodeIgniter\CodeIgniter->runController(Object(App\Controllers\Admin))
#2 C:\xampp\htdocs\perpustakaan\system\CodeIgniter.php(326): CodeIgniter\CodeIgniter->handleRequest(NULL, Object(Config\Cache), false)
#3 C:\xampp\htdocs\perpustakaan\public\index.php(37): CodeIgniter\CodeIgniter->run()
#4 {main}
CRITICAL - 2022-05-06 21:29:01 --> Object of class App\Models\DaftarHadirModel could not be converted to string
#0 C:\xampp\htdocs\perpustakaan\system\CodeIgniter.php(832): App\Controllers\Admin->home()
#1 C:\xampp\htdocs\perpustakaan\system\CodeIgniter.php(419): CodeIgniter\CodeIgniter->runController(Object(App\Controllers\Admin))
#2 C:\xampp\htdocs\perpustakaan\system\CodeIgniter.php(326): CodeIgniter\CodeIgniter->handleRequest(NULL, Object(Config\Cache), false)
#3 C:\xampp\htdocs\perpustakaan\public\index.php(37): CodeIgniter\CodeIgniter->run()
#4 {main}
CRITICAL - 2022-05-06 21:29:58 --> Cannot use object of type stdClass as array
#0 C:\xampp\htdocs\perpustakaan\system\View\View.php(210): include()
#1 C:\xampp\htdocs\perpustakaan\system\View\View.php(213): CodeIgniter\View\View->CodeIgniter\View\{closure}()
#2 C:\xampp\htdocs\perpustakaan\system\Common.php(1089): CodeIgniter\View\View->render('admin/admin_lay...', Array, true)
#3 C:\xampp\htdocs\perpustakaan\app\Controllers\Admin.php(31): view('admin/admin_lay...', Array)
#4 C:\xampp\htdocs\perpustakaan\system\CodeIgniter.php(832): App\Controllers\Admin->home()
#5 C:\xampp\htdocs\perpustakaan\system\CodeIgniter.php(419): CodeIgniter\CodeIgniter->runController(Object(App\Controllers\Admin))
#6 C:\xampp\htdocs\perpustakaan\system\CodeIgniter.php(326): CodeIgniter\CodeIgniter->handleRequest(NULL, Object(Config\Cache), false)
#7 C:\xampp\htdocs\perpustakaan\public\index.php(37): CodeIgniter\CodeIgniter->run()
#8 {main}
CRITICAL - 2022-05-06 21:30:46 --> Cannot use object of type stdClass as array
#0 C:\xampp\htdocs\perpustakaan\system\View\View.php(210): include()
#1 C:\xampp\htdocs\perpustakaan\system\View\View.php(213): CodeIgniter\View\View->CodeIgniter\View\{closure}()
#2 C:\xampp\htdocs\perpustakaan\system\Common.php(1089): CodeIgniter\View\View->render('admin/admin_lay...', Array, true)
#3 C:\xampp\htdocs\perpustakaan\app\Controllers\Admin.php(31): view('admin/admin_lay...', Array)
#4 C:\xampp\htdocs\perpustakaan\system\CodeIgniter.php(832): App\Controllers\Admin->home()
#5 C:\xampp\htdocs\perpustakaan\system\CodeIgniter.php(419): CodeIgniter\CodeIgniter->runController(Object(App\Controllers\Admin))
#6 C:\xampp\htdocs\perpustakaan\system\CodeIgniter.php(326): CodeIgniter\CodeIgniter->handleRequest(NULL, Object(Config\Cache), false)
#7 C:\xampp\htdocs\perpustakaan\public\index.php(37): CodeIgniter\CodeIgniter->run()
#8 {main}
CRITICAL - 2022-05-06 21:31:29 --> Cannot use object of type stdClass as array
#0 C:\xampp\htdocs\perpustakaan\system\View\View.php(210): include()
#1 C:\xampp\htdocs\perpustakaan\system\View\View.php(213): CodeIgniter\View\View->CodeIgniter\View\{closure}()
#2 C:\xampp\htdocs\perpustakaan\system\Common.php(1089): CodeIgniter\View\View->render('admin/admin_lay...', Array, true)
#3 C:\xampp\htdocs\perpustakaan\app\Controllers\Admin.php(31): view('admin/admin_lay...', Array)
#4 C:\xampp\htdocs\perpustakaan\system\CodeIgniter.php(832): App\Controllers\Admin->home()
#5 C:\xampp\htdocs\perpustakaan\system\CodeIgniter.php(419): CodeIgniter\CodeIgniter->runController(Object(App\Controllers\Admin))
#6 C:\xampp\htdocs\perpustakaan\system\CodeIgniter.php(326): CodeIgniter\CodeIgniter->handleRequest(NULL, Object(Config\Cache), false)
#7 C:\xampp\htdocs\perpustakaan\public\index.php(37): CodeIgniter\CodeIgniter->run()
#8 {main}
CRITICAL - 2022-05-06 21:32:37 --> Cannot use object of type stdClass as array
#0 C:\xampp\htdocs\perpustakaan\system\View\View.php(210): include()
#1 C:\xampp\htdocs\perpustakaan\system\View\View.php(213): CodeIgniter\View\View->CodeIgniter\View\{closure}()
#2 C:\xampp\htdocs\perpustakaan\system\Common.php(1089): CodeIgniter\View\View->render('admin/admin_lay...', Array, true)
#3 C:\xampp\htdocs\perpustakaan\app\Controllers\Admin.php(31): view('admin/admin_lay...', Array)
#4 C:\xampp\htdocs\perpustakaan\system\CodeIgniter.php(832): App\Controllers\Admin->home()
#5 C:\xampp\htdocs\perpustakaan\system\CodeIgniter.php(419): CodeIgniter\CodeIgniter->runController(Object(App\Controllers\Admin))
#6 C:\xampp\htdocs\perpustakaan\system\CodeIgniter.php(326): CodeIgniter\CodeIgniter->handleRequest(NULL, Object(Config\Cache), false)
#7 C:\xampp\htdocs\perpustakaan\public\index.php(37): CodeIgniter\CodeIgniter->run()
#8 {main}
CRITICAL - 2022-05-06 23:24:44 --> Undefined variable $daftarhadir
#0 C:\xampp\htdocs\perpustakaan\app\Views\admin\admin_kontak.php(22): CodeIgniter\Debug\Exceptions->errorHandler(2, 'Undefined varia...', 'C:\\xampp\\htdocs...', 22)
#1 C:\xampp\htdocs\perpustakaan\system\View\View.php(210): include('C:\\xampp\\htdocs...')
#2 C:\xampp\htdocs\perpustakaan\system\View\View.php(213): CodeIgniter\View\View->CodeIgniter\View\{closure}()
#3 C:\xampp\htdocs\perpustakaan\system\Common.php(1089): CodeIgniter\View\View->render('admin/admin_kon...', Array, true)
#4 C:\xampp\htdocs\perpustakaan\app\Controllers\Admin.php(48): view('admin/admin_kon...', Array)
#5 C:\xampp\htdocs\perpustakaan\system\CodeIgniter.php(832): App\Controllers\Admin->kontakMasuk()
#6 C:\xampp\htdocs\perpustakaan\system\CodeIgniter.php(419): CodeIgniter\CodeIgniter->runController(Object(App\Controllers\Admin))
#7 C:\xampp\htdocs\perpustakaan\system\CodeIgniter.php(326): CodeIgniter\CodeIgniter->handleRequest(NULL, Object(Config\Cache), false)
#8 C:\xampp\htdocs\perpustakaan\public\index.php(37): CodeIgniter\CodeIgniter->run()
#9 {main}
CRITICAL - 2022-05-06 23:30:34 --> Undefined array key "id"
#0 C:\xampp\htdocs\perpustakaan\app\Views\admin\admin_kontak.php(28): CodeIgniter\Debug\Exceptions->errorHandler(2, 'Undefined array...', 'C:\\xampp\\htdocs...', 28)
#1 C:\xampp\htdocs\perpustakaan\system\View\View.php(210): include('C:\\xampp\\htdocs...')
#2 C:\xampp\htdocs\perpustakaan\system\View\View.php(213): CodeIgniter\View\View->CodeIgniter\View\{closure}()
#3 C:\xampp\htdocs\perpustakaan\system\Common.php(1089): CodeIgniter\View\View->render('admin/admin_kon...', Array, true)
#4 C:\xampp\htdocs\perpustakaan\app\Controllers\Admin.php(48): view('admin/admin_kon...', Array)
#5 C:\xampp\htdocs\perpustakaan\system\CodeIgniter.php(832): App\Controllers\Admin->kontakMasuk()
#6 C:\xampp\htdocs\perpustakaan\system\CodeIgniter.php(419): CodeIgniter\CodeIgniter->runController(Object(App\Controllers\Admin))
#7 C:\xampp\htdocs\perpustakaan\system\CodeIgniter.php(326): CodeIgniter\CodeIgniter->handleRequest(NULL, Object(Config\Cache), false)
#8 C:\xampp\htdocs\perpustakaan\public\index.php(37): CodeIgniter\CodeIgniter->run()
#9 {main}
CRITICAL - 2022-05-06 23:41:06 --> Undefined array key "id"
#0 C:\xampp\htdocs\perpustakaan\app\Views\admin\admin_kontak.php(28): CodeIgniter\Debug\Exceptions->errorHandler(2, 'Undefined array...', 'C:\\xampp\\htdocs...', 28)
#1 C:\xampp\htdocs\perpustakaan\system\View\View.php(210): include('C:\\xampp\\htdocs...')
#2 C:\xampp\htdocs\perpustakaan\system\View\View.php(213): CodeIgniter\View\View->CodeIgniter\View\{closure}()
#3 C:\xampp\htdocs\perpustakaan\system\Common.php(1089): CodeIgniter\View\View->render('admin/admin_kon...', Array, true)
#4 C:\xampp\htdocs\perpustakaan\app\Controllers\Admin.php(50): view('admin/admin_kon...', Array)
#5 C:\xampp\htdocs\perpustakaan\system\CodeIgniter.php(832): App\Controllers\Admin->kontakMasuk()
#6 C:\xampp\htdocs\perpustakaan\system\CodeIgniter.php(419): CodeIgniter\CodeIgniter->runController(Object(App\Controllers\Admin))
#7 C:\xampp\htdocs\perpustakaan\system\CodeIgniter.php(326): CodeIgniter\CodeIgniter->handleRequest(NULL, Object(Config\Cache), false)
#8 C:\xampp\htdocs\perpustakaan\public\index.php(37): CodeIgniter\CodeIgniter->run()
#9 {main}
CRITICAL - 2022-05-06 23:42:26 --> Undefined array key "id"
#0 C:\xampp\htdocs\perpustakaan\app\Views\admin\admin_kontak.php(28): CodeIgniter\Debug\Exceptions->errorHandler(2, 'Undefined array...', 'C:\\xampp\\htdocs...', 28)
#1 C:\xampp\htdocs\perpustakaan\system\View\View.php(210): include('C:\\xampp\\htdocs...')
#2 C:\xampp\htdocs\perpustakaan\system\View\View.php(213): CodeIgniter\View\View->CodeIgniter\View\{closure}()
#3 C:\xampp\htdocs\perpustakaan\system\Common.php(1089): CodeIgniter\View\View->render('admin/admin_kon...', Array, true)
#4 C:\xampp\htdocs\perpustakaan\app\Controllers\Admin.php(50): view('admin/admin_kon...', Array)
#5 C:\xampp\htdocs\perpustakaan\system\CodeIgniter.php(832): App\Controllers\Admin->kontakMasuk()
#6 C:\xampp\htdocs\perpustakaan\system\CodeIgniter.php(419): CodeIgniter\CodeIgniter->runController(Object(App\Controllers\Admin))
#7 C:\xampp\htdocs\perpustakaan\system\CodeIgniter.php(326): CodeIgniter\CodeIgniter->handleRequest(NULL, Object(Config\Cache), false)
#8 C:\xampp\htdocs\perpustakaan\public\index.php(37): CodeIgniter\CodeIgniter->run()
#9 {main}
CRITICAL - 2022-05-06 23:43:09 --> Attempt to read property "id" on array
#0 C:\xampp\htdocs\perpustakaan\app\Views\admin\admin_kontak.php(28): CodeIgniter\Debug\Exceptions->errorHandler(2, 'Attempt to read...', 'C:\\xampp\\htdocs...', 28)
#1 C:\xampp\htdocs\perpustakaan\system\View\View.php(210): include('C:\\xampp\\htdocs...')
#2 C:\xampp\htdocs\perpustakaan\system\View\View.php(213): CodeIgniter\View\View->CodeIgniter\View\{closure}()
#3 C:\xampp\htdocs\perpustakaan\system\Common.php(1089): CodeIgniter\View\View->render('admin/admin_kon...', Array, true)
#4 C:\xampp\htdocs\perpustakaan\app\Controllers\Admin.php(50): view('admin/admin_kon...', Array)
#5 C:\xampp\htdocs\perpustakaan\system\CodeIgniter.php(832): App\Controllers\Admin->kontakMasuk()
#6 C:\xampp\htdocs\perpustakaan\system\CodeIgniter.php(419): CodeIgniter\CodeIgniter->runController(Object(App\Controllers\Admin))
#7 C:\xampp\htdocs\perpustakaan\system\CodeIgniter.php(326): CodeIgniter\CodeIgniter->handleRequest(NULL, Object(Config\Cache), false)
#8 C:\xampp\htdocs\perpustakaan\public\index.php(37): CodeIgniter\CodeIgniter->run()
#9 {main}
CRITICAL - 2022-05-06 23:43:46 --> Undefined array key "id"
#0 C:\xampp\htdocs\perpustakaan\app\Views\admin\admin_kontak.php(28): CodeIgniter\Debug\Exceptions->errorHandler(2, 'Undefined array...', 'C:\\xampp\\htdocs...', 28)
#1 C:\xampp\htdocs\perpustakaan\system\View\View.php(210): include('C:\\xampp\\htdocs...')
#2 C:\xampp\htdocs\perpustakaan\system\View\View.php(213): CodeIgniter\View\View->CodeIgniter\View\{closure}()
#3 C:\xampp\htdocs\perpustakaan\system\Common.php(1089): CodeIgniter\View\View->render('admin/admin_kon...', Array, true)
#4 C:\xampp\htdocs\perpustakaan\app\Controllers\Admin.php(50): view('admin/admin_kon...', Array)
#5 C:\xampp\htdocs\perpustakaan\system\CodeIgniter.php(832): App\Controllers\Admin->kontakMasuk()
#6 C:\xampp\htdocs\perpustakaan\system\CodeIgniter.php(419): CodeIgniter\CodeIgniter->runController(Object(App\Controllers\Admin))
#7 C:\xampp\htdocs\perpustakaan\system\CodeIgniter.php(326): CodeIgniter\CodeIgniter->handleRequest(NULL, Object(Config\Cache), false)
#8 C:\xampp\htdocs\perpustakaan\public\index.php(37): CodeIgniter\CodeIgniter->run()
#9 {main}
CRITICAL - 2022-05-06 23:45:26 --> Undefined array key "id"
#0 C:\xampp\htdocs\perpustakaan\app\Views\admin\admin_kontak.php(28): CodeIgniter\Debug\Exceptions->errorHandler(2, 'Undefined array...', 'C:\\xampp\\htdocs...', 28)
#1 C:\xampp\htdocs\perpustakaan\system\View\View.php(210): include('C:\\xampp\\htdocs...')
#2 C:\xampp\htdocs\perpustakaan\system\View\View.php(213): CodeIgniter\View\View->CodeIgniter\View\{closure}()
#3 C:\xampp\htdocs\perpustakaan\system\Common.php(1089): CodeIgniter\View\View->render('admin/admin_kon...', Array, true)
#4 C:\xampp\htdocs\perpustakaan\app\Controllers\Admin.php(50): view('admin/admin_kon...', Array)
#5 C:\xampp\htdocs\perpustakaan\system\CodeIgniter.php(832): App\Controllers\Admin->kontakMasuk()
#6 C:\xampp\htdocs\perpustakaan\system\CodeIgniter.php(419): CodeIgniter\CodeIgniter->runController(Object(App\Controllers\Admin))
#7 C:\xampp\htdocs\perpustakaan\system\CodeIgniter.php(326): CodeIgniter\CodeIgniter->handleRequest(NULL, Object(Config\Cache), false)
#8 C:\xampp\htdocs\perpustakaan\public\index.php(37): CodeIgniter\CodeIgniter->run()
#9 {main}
CRITICAL - 2022-05-06 23:57:29 --> Undefined array key "id"
#0 C:\xampp\htdocs\perpustakaan\app\Views\admin\admin_kontak.php(28): CodeIgniter\Debug\Exceptions->errorHandler(2, 'Undefined array...', 'C:\\xampp\\htdocs...', 28)
#1 C:\xampp\htdocs\perpustakaan\system\View\View.php(210): include('C:\\xampp\\htdocs...')
#2 C:\xampp\htdocs\perpustakaan\system\View\View.php(213): CodeIgniter\View\View->CodeIgniter\View\{closure}()
#3 C:\xampp\htdocs\perpustakaan\system\Common.php(1089): CodeIgniter\View\View->render('admin/admin_kon...', Array, true)
#4 C:\xampp\htdocs\perpustakaan\app\Controllers\Admin.php(50): view('admin/admin_kon...', Array)
#5 C:\xampp\htdocs\perpustakaan\system\CodeIgniter.php(832): App\Controllers\Admin->kontakMasuk()
#6 C:\xampp\htdocs\perpustakaan\system\CodeIgniter.php(419): CodeIgniter\CodeIgniter->runController(Object(App\Controllers\Admin))
#7 C:\xampp\htdocs\perpustakaan\system\CodeIgniter.php(326): CodeIgniter\CodeIgniter->handleRequest(NULL, Object(Config\Cache), false)
#8 C:\xampp\htdocs\perpustakaan\public\index.php(37): CodeIgniter\CodeIgniter->run()
#9 {main}
CRITICAL - 2022-05-06 23:58:16 --> Cannot use object of type stdClass as array
#0 C:\xampp\htdocs\perpustakaan\system\View\View.php(210): include()
#1 C:\xampp\htdocs\perpustakaan\system\View\View.php(213): CodeIgniter\View\View->CodeIgniter\View\{closure}()
#2 C:\xampp\htdocs\perpustakaan\system\Common.php(1089): CodeIgniter\View\View->render('admin/admin_kon...', Array, true)
#3 C:\xampp\htdocs\perpustakaan\app\Controllers\Admin.php(50): view('admin/admin_kon...', Array)
#4 C:\xampp\htdocs\perpustakaan\system\CodeIgniter.php(832): App\Controllers\Admin->kontakMasuk()
#5 C:\xampp\htdocs\perpustakaan\system\CodeIgniter.php(419): CodeIgniter\CodeIgniter->runController(Object(App\Controllers\Admin))
#6 C:\xampp\htdocs\perpustakaan\system\CodeIgniter.php(326): CodeIgniter\CodeIgniter->handleRequest(NULL, Object(Config\Cache), false)
#7 C:\xampp\htdocs\perpustakaan\public\index.php(37): CodeIgniter\CodeIgniter->run()
#8 {main}
CRITICAL - 2022-05-06 23:58:43 --> Cannot use object of type stdClass as array
#0 C:\xampp\htdocs\perpustakaan\system\View\View.php(210): include()
#1 C:\xampp\htdocs\perpustakaan\system\View\View.php(213): CodeIgniter\View\View->CodeIgniter\View\{closure}()
#2 C:\xampp\htdocs\perpustakaan\system\Common.php(1089): CodeIgniter\View\View->render('admin/admin_kon...', Array, true)
#3 C:\xampp\htdocs\perpustakaan\app\Controllers\Admin.php(50): view('admin/admin_kon...', Array)
#4 C:\xampp\htdocs\perpustakaan\system\CodeIgniter.php(832): App\Controllers\Admin->kontakMasuk()
#5 C:\xampp\htdocs\perpustakaan\system\CodeIgniter.php(419): CodeIgniter\CodeIgniter->runController(Object(App\Controllers\Admin))
#6 C:\xampp\htdocs\perpustakaan\system\CodeIgniter.php(326): CodeIgniter\CodeIgniter->handleRequest(NULL, Object(Config\Cache), false)
#7 C:\xampp\htdocs\perpustakaan\public\index.php(37): CodeIgniter\CodeIgniter->run()
#8 {main}
