CRITICAL - 2022-04-17 15:13:28 --> Class "App\Controllers\NewModel" not found
#0 C:\xampp\htdocs\ci-news\system\CodeIgniter.php(832): App\Controllers\News->index()
#1 C:\xampp\htdocs\ci-news\system\CodeIgniter.php(419): CodeIgniter\CodeIgniter->runController(Object(App\Controllers\News))
#2 C:\xampp\htdocs\ci-news\system\CodeIgniter.php(326): CodeIgniter\CodeIgniter->handleRequest(NULL, Object(Config\Cache), false)
#3 C:\xampp\htdocs\ci-news\public\index.php(37): CodeIgniter\CodeIgniter->run()
#4 {main}
CRITICAL - 2022-04-17 15:14:45 --> You must set the database table to be used with your query.
#0 C:\xampp\htdocs\ci-news\system\Model.php(545): CodeIgniter\Database\BaseConnection->table(NULL)
#1 C:\xampp\htdocs\ci-news\system\Model.php(722): CodeIgniter\Model->builder()
#2 C:\xampp\htdocs\ci-news\app\Controllers\News.php(11): CodeIgniter\Model->__call('where', Array)
#3 C:\xampp\htdocs\ci-news\system\CodeIgniter.php(832): App\Controllers\News->index()
#4 C:\xampp\htdocs\ci-news\system\CodeIgniter.php(419): CodeIgniter\CodeIgniter->runController(Object(App\Controllers\News))
#5 C:\xampp\htdocs\ci-news\system\CodeIgniter.php(326): CodeIgniter\CodeIgniter->handleRequest(NULL, Object(Config\Cache), false)
#6 C:\xampp\htdocs\ci-news\public\index.php(37): CodeIgniter\CodeIgniter->run()
#7 {main}
CRITICAL - 2022-04-17 15:17:08 --> You must set the database table to be used with your query.
#0 C:\xampp\htdocs\ci-news\system\Model.php(545): CodeIgniter\Database\BaseConnection->table(NULL)
#1 C:\xampp\htdocs\ci-news\system\Model.php(722): CodeIgniter\Model->builder()
#2 C:\xampp\htdocs\ci-news\app\Controllers\News.php(11): CodeIgniter\Model->__call('where', Array)
#3 C:\xampp\htdocs\ci-news\system\CodeIgniter.php(832): App\Controllers\News->index()
#4 C:\xampp\htdocs\ci-news\system\CodeIgniter.php(419): CodeIgniter\CodeIgniter->runController(Object(App\Controllers\News))
#5 C:\xampp\htdocs\ci-news\system\CodeIgniter.php(326): CodeIgniter\CodeIgniter->handleRequest(NULL, Object(Config\Cache), false)
#6 C:\xampp\htdocs\ci-news\public\index.php(37): CodeIgniter\CodeIgniter->run()
#7 {main}
CRITICAL - 2022-04-17 15:19:58 --> You must set the database table to be used with your query.
#0 C:\xampp\htdocs\ci-news\system\Model.php(545): CodeIgniter\Database\BaseConnection->table(NULL)
#1 C:\xampp\htdocs\ci-news\system\Model.php(722): CodeIgniter\Model->builder()
#2 C:\xampp\htdocs\ci-news\app\Controllers\News.php(11): CodeIgniter\Model->__call('where', Array)
#3 C:\xampp\htdocs\ci-news\system\CodeIgniter.php(832): App\Controllers\News->index()
#4 C:\xampp\htdocs\ci-news\system\CodeIgniter.php(419): CodeIgniter\CodeIgniter->runController(Object(App\Controllers\News))
#5 C:\xampp\htdocs\ci-news\system\CodeIgniter.php(326): CodeIgniter\CodeIgniter->handleRequest(NULL, Object(Config\Cache), false)
#6 C:\xampp\htdocs\ci-news\public\index.php(37): CodeIgniter\CodeIgniter->run()
#7 {main}
CRITICAL - 2022-04-17 15:20:46 --> You must set the database table to be used with your query.
#0 C:\xampp\htdocs\ci-news\system\Model.php(545): CodeIgniter\Database\BaseConnection->table(NULL)
#1 C:\xampp\htdocs\ci-news\system\Model.php(722): CodeIgniter\Model->builder()
#2 C:\xampp\htdocs\ci-news\app\Controllers\News.php(11): CodeIgniter\Model->__call('where', Array)
#3 C:\xampp\htdocs\ci-news\system\CodeIgniter.php(832): App\Controllers\News->index()
#4 C:\xampp\htdocs\ci-news\system\CodeIgniter.php(419): CodeIgniter\CodeIgniter->runController(Object(App\Controllers\News))
#5 C:\xampp\htdocs\ci-news\system\CodeIgniter.php(326): CodeIgniter\CodeIgniter->handleRequest(NULL, Object(Config\Cache), false)
#6 C:\xampp\htdocs\ci-news\public\index.php(37): CodeIgniter\CodeIgniter->run()
#7 {main}
CRITICAL - 2022-04-17 15:33:21 --> You must set the database table to be used with your query.
#0 C:\xampp\htdocs\ci-news\system\Model.php(545): CodeIgniter\Database\BaseConnection->table(NULL)
#1 C:\xampp\htdocs\ci-news\system\Model.php(722): CodeIgniter\Model->builder()
#2 C:\xampp\htdocs\ci-news\app\Controllers\News.php(11): CodeIgniter\Model->__call('where', Array)
#3 C:\xampp\htdocs\ci-news\system\CodeIgniter.php(832): App\Controllers\News->index()
#4 C:\xampp\htdocs\ci-news\system\CodeIgniter.php(419): CodeIgniter\CodeIgniter->runController(Object(App\Controllers\News))
#5 C:\xampp\htdocs\ci-news\system\CodeIgniter.php(326): CodeIgniter\CodeIgniter->handleRequest(NULL, Object(Config\Cache), false)
#6 C:\xampp\htdocs\ci-news\public\index.php(37): CodeIgniter\CodeIgniter->run()
#7 {main}
CRITICAL - 2022-04-17 15:35:38 --> You must set the database table to be used with your query.
#0 C:\xampp\htdocs\ci-news\system\Model.php(545): CodeIgniter\Database\BaseConnection->table(NULL)
#1 C:\xampp\htdocs\ci-news\system\Model.php(722): CodeIgniter\Model->builder()
#2 C:\xampp\htdocs\ci-news\app\Controllers\News.php(11): CodeIgniter\Model->__call('where', Array)
#3 C:\xampp\htdocs\ci-news\system\CodeIgniter.php(832): App\Controllers\News->index()
#4 C:\xampp\htdocs\ci-news\system\CodeIgniter.php(419): CodeIgniter\CodeIgniter->runController(Object(App\Controllers\News))
#5 C:\xampp\htdocs\ci-news\system\CodeIgniter.php(326): CodeIgniter\CodeIgniter->handleRequest(NULL, Object(Config\Cache), false)
#6 C:\xampp\htdocs\ci-news\public\index.php(37): CodeIgniter\CodeIgniter->run()
#7 {main}
CRITICAL - 2022-04-17 15:38:58 --> You must set the database table to be used with your query.
#0 C:\xampp\htdocs\ci-news\system\Model.php(545): CodeIgniter\Database\BaseConnection->table(NULL)
#1 C:\xampp\htdocs\ci-news\system\Model.php(722): CodeIgniter\Model->builder()
#2 C:\xampp\htdocs\ci-news\app\Controllers\News.php(11): CodeIgniter\Model->__call('where', Array)
#3 C:\xampp\htdocs\ci-news\system\CodeIgniter.php(832): App\Controllers\News->index()
#4 C:\xampp\htdocs\ci-news\system\CodeIgniter.php(419): CodeIgniter\CodeIgniter->runController(Object(App\Controllers\News))
#5 C:\xampp\htdocs\ci-news\system\CodeIgniter.php(326): CodeIgniter\CodeIgniter->handleRequest(NULL, Object(Config\Cache), false)
#6 C:\xampp\htdocs\ci-news\public\index.php(37): CodeIgniter\CodeIgniter->run()
#7 {main}
