CRITICAL - 2022-05-12 13:37:28 --> Invalid file: admin/data_pinjam.php
#0 C:\xampp\htdocs\perpustakaan\system\View\View.php(198): CodeIgniter\Exceptions\FrameworkException::forInvalidFile('admin/data_pinj...')
#1 C:\xampp\htdocs\perpustakaan\system\Common.php(1089): CodeIgniter\View\View->render('admin/data_pinj...', Array, true)
#2 C:\xampp\htdocs\perpustakaan\app\Controllers\Koleksi.php(27): view('admin/data_pinj...')
#3 C:\xampp\htdocs\perpustakaan\system\CodeIgniter.php(832): App\Controllers\Koleksi->pinjam()
#4 C:\xampp\htdocs\perpustakaan\system\CodeIgniter.php(419): CodeIgniter\CodeIgniter->runController(Object(App\Controllers\Koleksi))
#5 C:\xampp\htdocs\perpustakaan\system\CodeIgniter.php(326): CodeIgniter\CodeIgniter->handleRequest(NULL, Object(Config\Cache), false)
#6 C:\xampp\htdocs\perpustakaan\public\index.php(37): CodeIgniter\CodeIgniter->run()
#7 {main}
CRITICAL - 2022-05-12 13:51:38 --> Undefined variable $currentPage
#0 C:\xampp\htdocs\perpustakaan\app\Views\admin\admin_layout.php(20): CodeIgniter\Debug\Exceptions->errorHandler(2, 'Undefined varia...', 'C:\\xampp\\htdocs...', 20)
#1 C:\xampp\htdocs\perpustakaan\system\View\View.php(210): include('C:\\xampp\\htdocs...')
#2 C:\xampp\htdocs\perpustakaan\system\View\View.php(213): CodeIgniter\View\View->CodeIgniter\View\{closure}()
#3 C:\xampp\htdocs\perpustakaan\system\Common.php(1089): CodeIgniter\View\View->render('admin/admin_lay...', Array, true)
#4 C:\xampp\htdocs\perpustakaan\app\Controllers\Admin.php(132): view('admin/admin_lay...')
#5 C:\xampp\htdocs\perpustakaan\system\CodeIgniter.php(832): App\Controllers\Admin->prosesLogin()
#6 C:\xampp\htdocs\perpustakaan\system\CodeIgniter.php(419): CodeIgniter\CodeIgniter->runController(Object(App\Controllers\Admin))
#7 C:\xampp\htdocs\perpustakaan\system\CodeIgniter.php(326): CodeIgniter\CodeIgniter->handleRequest(NULL, Object(Config\Cache), false)
#8 C:\xampp\htdocs\perpustakaan\public\index.php(37): CodeIgniter\CodeIgniter->run()
#9 {main}
ERROR - 2022-05-12 13:53:45 --> Duplicate entry 'pitasari1' for key 'PRIMARY'
CRITICAL - 2022-05-12 13:53:45 --> Duplicate entry 'pitasari1' for key 'PRIMARY'
#0 C:\xampp\htdocs\perpustakaan\system\Database\MySQLi\Connection.php(292): mysqli->query('INSERT INTO `ad...', 0)
#1 C:\xampp\htdocs\perpustakaan\system\Database\BaseConnection.php(670): CodeIgniter\Database\MySQLi\Connection->execute('INSERT INTO `ad...')
#2 C:\xampp\htdocs\perpustakaan\system\Database\BaseConnection.php(598): CodeIgniter\Database\BaseConnection->simpleQuery('INSERT INTO `ad...')
#3 C:\xampp\htdocs\perpustakaan\system\Database\BaseBuilder.php(1771): CodeIgniter\Database\BaseConnection->query('INSERT INTO `ad...', Array, false)
#4 C:\xampp\htdocs\perpustakaan\system\Model.php(239): CodeIgniter\Database\BaseBuilder->insert()
#5 C:\xampp\htdocs\perpustakaan\system\BaseModel.php(738): CodeIgniter\Model->doInsert(Array)
#6 C:\xampp\htdocs\perpustakaan\system\Model.php(625): CodeIgniter\BaseModel->insert(Array, true)
#7 C:\xampp\htdocs\perpustakaan\app\Controllers\Admin.php(111): CodeIgniter\Model->insert(Array)
#8 C:\xampp\htdocs\perpustakaan\system\CodeIgniter.php(832): App\Controllers\Admin->prosesDaftar()
#9 C:\xampp\htdocs\perpustakaan\system\CodeIgniter.php(419): CodeIgniter\CodeIgniter->runController(Object(App\Controllers\Admin))
#10 C:\xampp\htdocs\perpustakaan\system\CodeIgniter.php(326): CodeIgniter\CodeIgniter->handleRequest(NULL, Object(Config\Cache), false)
#11 C:\xampp\htdocs\perpustakaan\public\index.php(37): CodeIgniter\CodeIgniter->run()
#12 {main}
